The system is: Linux - 5.13.0-30-generic - x86_64
Compiling the C compiler identification source file "CMakeCCompilerId.c" succeeded.
Compiler: /usr/bin/cc 
Build flags: 
Id flags:  

The output was:
0


Compilation of the C compiler identification source "CMakeCCompilerId.c" produced "a.out"

The C compiler identification is GNU, found in "/home/thomas/Colmap_OpenMVS/build/eigen_build/CMakeFiles/3.25.1/CompilerIdC/a.out"

Compiling the CXX compiler identification source file "CMakeCXXCompilerId.cpp" succeeded.
Compiler: /usr/bin/c++ 
Build flags: 
Id flags:  

The output was:
0


Compilation of the CXX compiler identification source "CMakeCXXCompilerId.cpp" produced "a.out"

The CXX compiler identification is GNU, found in "/home/thomas/Colmap_OpenMVS/build/eigen_build/CMakeFiles/3.25.1/CompilerIdCXX/a.out"

Detecting C compiler ABI info compiled with the following output:
Change Dir: /home/thomas/Colmap_OpenMVS/build/eigen_build/CMakeFiles/CMakeScratch/TryCompile-moa0rQ

Run Build Command(s):/usr/bin/make -f Makefile cmTC_19ab4/fast && /usr/bin/make  -f CMakeFiles/cmTC_19ab4.dir/build.make CMakeFiles/cmTC_19ab4.dir/build
make[1]: Entering directory '/home/thomas/Colmap_OpenMVS/build/eigen_build/CMakeFiles/CMakeScratch/TryCompile-moa0rQ'
Building C object CMakeFiles/cmTC_19ab4.dir/CMakeCCompilerABI.c.o
/usr/bin/cc   -v -o CMakeFiles/cmTC_19ab4.dir/CMakeCCompilerABI.c.o -c /usr/share/cmake-3.25/Modules/CMakeCCompilerABI.c
Using built-in specs.
COLLECT_GCC=/usr/bin/cc
OFFLOAD_TARGET_NAMES=nvptx-none:hsa
OFFLOAD_TARGET_DEFAULT=1
Target: x86_64-linux-gnu
Configured with: ../src/configure -v --with-pkgversion='Ubuntu 9.4.0-1ubuntu1~20.04.1' --with-bugurl=file:///usr/share/doc/gcc-9/README.Bugs --enable-languages=c,ada,c++,go,brig,d,fortran,objc,obj-c++,gm2 --prefix=/usr --with-gcc-major-version-only --program-suffix=-9 --program-prefix=x86_64-linux-gnu- --enable-shared --enable-linker-build-id --libexecdir=/usr/lib --without-included-gettext --enable-threads=posix --libdir=/usr/lib --enable-nls --enable-clocale=gnu --enable-libstdcxx-debug --enable-libstdcxx-time=yes --with-default-libstdcxx-abi=new --enable-gnu-unique-object --disable-vtable-verify --enable-plugin --enable-default-pie --with-system-zlib --with-target-system-zlib=auto --enable-objc-gc=auto --enable-multiarch --disable-werror --with-arch-32=i686 --with-abi=m64 --with-multilib-list=m32,m64,mx32 --enable-multilib --with-tune=generic --enable-offload-targets=nvptx-none=/build/gcc-9-Av3uEd/gcc-9-9.4.0/debian/tmp-nvptx/usr,hsa --without-cuda-driver --enable-checking=release --build=x86_64-linux-gnu --host=x86_64-linux-gnu --target=x86_64-linux-gnu
Thread model: posix
gcc version 9.4.0 (Ubuntu 9.4.0-1ubuntu1~20.04.1) 
COLLECT_GCC_OPTIONS='-v' '-o' 'CMakeFiles/cmTC_19ab4.dir/CMakeCCompilerABI.c.o' '-c' '-mtune=generic' '-march=x86-64'
 /usr/lib/gcc/x86_64-linux-gnu/9/cc1 -quiet -v -imultiarch x86_64-linux-gnu /usr/share/cmake-3.25/Modules/CMakeCCompilerABI.c -quiet -dumpbase CMakeCCompilerABI.c -mtune=generic -march=x86-64 -auxbase-strip CMakeFiles/cmTC_19ab4.dir/CMakeCCompilerABI.c.o -version -fasynchronous-unwind-tables -fstack-protector-strong -Wformat -Wformat-security -fstack-clash-protection -fcf-protection -o /tmp/ccVxREoA.s
GNU C17 (Ubuntu 9.4.0-1ubuntu1~20.04.1) version 9.4.0 (x86_64-linux-gnu)
	compiled by GNU C version 9.4.0, GMP version 6.2.0, MPFR version 4.0.2, MPC version 1.1.0, isl version isl-0.22.1-GMP

GGC heuristics: --param ggc-min-expand=100 --param ggc-min-heapsize=131072
ignoring nonexistent directory "/usr/local/include/x86_64-linux-gnu"
ignoring nonexistent directory "/usr/lib/gcc/x86_64-linux-gnu/9/include-fixed"
ignoring nonexistent directory "/usr/lib/gcc/x86_64-linux-gnu/9/../../../../x86_64-linux-gnu/include"
#include "..." search starts here:
#include <...> search starts here:
 /usr/lib/gcc/x86_64-linux-gnu/9/include
 /usr/local/include
 /usr/include/x86_64-linux-gnu
 /usr/include
End of search list.
GNU C17 (Ubuntu 9.4.0-1ubuntu1~20.04.1) version 9.4.0 (x86_64-linux-gnu)
	compiled by GNU C version 9.4.0, GMP version 6.2.0, MPFR version 4.0.2, MPC version 1.1.0, isl version isl-0.22.1-GMP

GGC heuristics: --param ggc-min-expand=100 --param ggc-min-heapsize=131072
Compiler executable checksum: c0c95c0b4209efec1c1892d5ff24030b
COLLECT_GCC_OPTIONS='-v' '-o' 'CMakeFiles/cmTC_19ab4.dir/CMakeCCompilerABI.c.o' '-c' '-mtune=generic' '-march=x86-64'
 as -v --64 -o CMakeFiles/cmTC_19ab4.dir/CMakeCCompilerABI.c.o /tmp/ccVxREoA.s
GNU assembler version 2.34 (x86_64-linux-gnu) using BFD version (GNU Binutils for Ubuntu) 2.34
COMPILER_PATH=/usr/lib/gcc/x86_64-linux-gnu/9/:/usr/lib/gcc/x86_64-linux-gnu/9/:/usr/lib/gcc/x86_64-linux-gnu/:/usr/lib/gcc/x86_64-linux-gnu/9/:/usr/lib/gcc/x86_64-linux-gnu/
LIBRARY_PATH=/usr/lib/gcc/x86_64-linux-gnu/9/:/usr/lib/gcc/x86_64-linux-gnu/9/../../../x86_64-linux-gnu/:/usr/lib/gcc/x86_64-linux-gnu/9/../../../../lib/:/lib/x86_64-linux-gnu/:/lib/../lib/:/usr/lib/x86_64-linux-gnu/:/usr/lib/../lib/:/usr/lib/gcc/x86_64-linux-gnu/9/../../../:/lib/:/usr/lib/
COLLECT_GCC_OPTIONS='-v' '-o' 'CMakeFiles/cmTC_19ab4.dir/CMakeCCompilerABI.c.o' '-c' '-mtune=generic' '-march=x86-64'
Linking C executable cmTC_19ab4
/usr/bin/cmake -E cmake_link_script CMakeFiles/cmTC_19ab4.dir/link.txt --verbose=1
/usr/bin/cc  -v -rdynamic CMakeFiles/cmTC_19ab4.dir/CMakeCCompilerABI.c.o -o cmTC_19ab4 
Using built-in specs.
COLLECT_GCC=/usr/bin/cc
COLLECT_LTO_WRAPPER=/usr/lib/gcc/x86_64-linux-gnu/9/lto-wrapper
OFFLOAD_TARGET_NAMES=nvptx-none:hsa
OFFLOAD_TARGET_DEFAULT=1
Target: x86_64-linux-gnu
Configured with: ../src/configure -v --with-pkgversion='Ubuntu 9.4.0-1ubuntu1~20.04.1' --with-bugurl=file:///usr/share/doc/gcc-9/README.Bugs --enable-languages=c,ada,c++,go,brig,d,fortran,objc,obj-c++,gm2 --prefix=/usr --with-gcc-major-version-only --program-suffix=-9 --program-prefix=x86_64-linux-gnu- --enable-shared --enable-linker-build-id --libexecdir=/usr/lib --without-included-gettext --enable-threads=posix --libdir=/usr/lib --enable-nls --enable-clocale=gnu --enable-libstdcxx-debug --enable-libstdcxx-time=yes --with-default-libstdcxx-abi=new --enable-gnu-unique-object --disable-vtable-verify --enable-plugin --enable-default-pie --with-system-zlib --with-target-system-zlib=auto --enable-objc-gc=auto --enable-multiarch --disable-werror --with-arch-32=i686 --with-abi=m64 --with-multilib-list=m32,m64,mx32 --enable-multilib --with-tune=generic --enable-offload-targets=nvptx-none=/build/gcc-9-Av3uEd/gcc-9-9.4.0/debian/tmp-nvptx/usr,hsa --without-cuda-driver --enable-checking=release --build=x86_64-linux-gnu --host=x86_64-linux-gnu --target=x86_64-linux-gnu
Thread model: posix
gcc version 9.4.0 (Ubuntu 9.4.0-1ubuntu1~20.04.1) 
COMPILER_PATH=/usr/lib/gcc/x86_64-linux-gnu/9/:/usr/lib/gcc/x86_64-linux-gnu/9/:/usr/lib/gcc/x86_64-linux-gnu/:/usr/lib/gcc/x86_64-linux-gnu/9/:/usr/lib/gcc/x86_64-linux-gnu/
LIBRARY_PATH=/usr/lib/gcc/x86_64-linux-gnu/9/:/usr/lib/gcc/x86_64-linux-gnu/9/../../../x86_64-linux-gnu/:/usr/lib/gcc/x86_64-linux-gnu/9/../../../../lib/:/lib/x86_64-linux-gnu/:/lib/../lib/:/usr/lib/x86_64-linux-gnu/:/usr/lib/../lib/:/usr/lib/gcc/x86_64-linux-gnu/9/../../../:/lib/:/usr/lib/
COLLECT_GCC_OPTIONS='-v' '-rdynamic' '-o' 'cmTC_19ab4' '-mtune=generic' '-march=x86-64'
 /usr/lib/gcc/x86_64-linux-gnu/9/collect2 -plugin /usr/lib/gcc/x86_64-linux-gnu/9/liblto_plugin.so -plugin-opt=/usr/lib/gcc/x86_64-linux-gnu/9/lto-wrapper -plugin-opt=-fresolution=/tmp/ccmpLOV2.res -plugin-opt=-pass-through=-lgcc -plugin-opt=-pass-through=-lgcc_s -plugin-opt=-pass-through=-lc -plugin-opt=-pass-through=-lgcc -plugin-opt=-pass-through=-lgcc_s --build-id --eh-frame-hdr -m elf_x86_64 --hash-style=gnu --as-needed -export-dynamic -dynamic-linker /lib64/ld-linux-x86-64.so.2 -pie -z now -z relro -o cmTC_19ab4 /usr/lib/gcc/x86_64-linux-gnu/9/../../../x86_64-linux-gnu/Scrt1.o /usr/lib/gcc/x86_64-linux-gnu/9/../../../x86_64-linux-gnu/crti.o /usr/lib/gcc/x86_64-linux-gnu/9/crtbeginS.o -L/usr/lib/gcc/x86_64-linux-gnu/9 -L/usr/lib/gcc/x86_64-linux-gnu/9/../../../x86_64-linux-gnu -L/usr/lib/gcc/x86_64-linux-gnu/9/../../../../lib -L/lib/x86_64-linux-gnu -L/lib/../lib -L/usr/lib/x86_64-linux-gnu -L/usr/lib/../lib -L/usr/lib/gcc/x86_64-linux-gnu/9/../../.. CMakeFiles/cmTC_19ab4.dir/CMakeCCompilerABI.c.o -lgcc --push-state --as-needed -lgcc_s --pop-state -lc -lgcc --push-state --as-needed -lgcc_s --pop-state /usr/lib/gcc/x86_64-linux-gnu/9/crtendS.o /usr/lib/gcc/x86_64-linux-gnu/9/../../../x86_64-linux-gnu/crtn.o
COLLECT_GCC_OPTIONS='-v' '-rdynamic' '-o' 'cmTC_19ab4' '-mtune=generic' '-march=x86-64'
make[1]: Leaving directory '/home/thomas/Colmap_OpenMVS/build/eigen_build/CMakeFiles/CMakeScratch/TryCompile-moa0rQ'



Parsed C implicit include dir info from above output: rv=done
  found start of include info
  found start of implicit include info
    add: [/usr/lib/gcc/x86_64-linux-gnu/9/include]
    add: [/usr/local/include]
    add: [/usr/include/x86_64-linux-gnu]
    add: [/usr/include]
  end of search list found
  collapse include dir [/usr/lib/gcc/x86_64-linux-gnu/9/include] ==> [/usr/lib/gcc/x86_64-linux-gnu/9/include]
  collapse include dir [/usr/local/include] ==> [/usr/local/include]
  collapse include dir [/usr/include/x86_64-linux-gnu] ==> [/usr/include/x86_64-linux-gnu]
  collapse include dir [/usr/include] ==> [/usr/include]
  implicit include dirs: [/usr/lib/gcc/x86_64-linux-gnu/9/include;/usr/local/include;/usr/include/x86_64-linux-gnu;/usr/include]


Parsed C implicit link information from above output:
  link line regex: [^( *|.*[/\])(ld|CMAKE_LINK_STARTFILE-NOTFOUND|([^/\]+-)?ld|collect2)[^/\]*( |$)]
  ignore line: [Change Dir: /home/thomas/Colmap_OpenMVS/build/eigen_build/CMakeFiles/CMakeScratch/TryCompile-moa0rQ]
  ignore line: []
  ignore line: [Run Build Command(s):/usr/bin/make -f Makefile cmTC_19ab4/fast && /usr/bin/make  -f CMakeFiles/cmTC_19ab4.dir/build.make CMakeFiles/cmTC_19ab4.dir/build]
  ignore line: [make[1]: Entering directory '/home/thomas/Colmap_OpenMVS/build/eigen_build/CMakeFiles/CMakeScratch/TryCompile-moa0rQ']
  ignore line: [Building C object CMakeFiles/cmTC_19ab4.dir/CMakeCCompilerABI.c.o]
  ignore line: [/usr/bin/cc   -v -o CMakeFiles/cmTC_19ab4.dir/CMakeCCompilerABI.c.o -c /usr/share/cmake-3.25/Modules/CMakeCCompilerABI.c]
  ignore line: [Using built-in specs.]
  ignore line: [COLLECT_GCC=/usr/bin/cc]
  ignore line: [OFFLOAD_TARGET_NAMES=nvptx-none:hsa]
  ignore line: [OFFLOAD_TARGET_DEFAULT=1]
  ignore line: [Target: x86_64-linux-gnu]
  ignore line: [Configured with: ../src/configure -v --with-pkgversion='Ubuntu 9.4.0-1ubuntu1~20.04.1' --with-bugurl=file:///usr/share/doc/gcc-9/README.Bugs --enable-languages=c ada c++ go brig d fortran objc obj-c++ gm2 --prefix=/usr --with-gcc-major-version-only --program-suffix=-9 --program-prefix=x86_64-linux-gnu- --enable-shared --enable-linker-build-id --libexecdir=/usr/lib --without-included-gettext --enable-threads=posix --libdir=/usr/lib --enable-nls --enable-clocale=gnu --enable-libstdcxx-debug --enable-libstdcxx-time=yes --with-default-libstdcxx-abi=new --enable-gnu-unique-object --disable-vtable-verify --enable-plugin --enable-default-pie --with-system-zlib --with-target-system-zlib=auto --enable-objc-gc=auto --enable-multiarch --disable-werror --with-arch-32=i686 --with-abi=m64 --with-multilib-list=m32 m64 mx32 --enable-multilib --with-tune=generic --enable-offload-targets=nvptx-none=/build/gcc-9-Av3uEd/gcc-9-9.4.0/debian/tmp-nvptx/usr hsa --without-cuda-driver --enable-checking=release --build=x86_64-linux-gnu --host=x86_64-linux-gnu --target=x86_64-linux-gnu]
  ignore line: [Thread model: posix]
  ignore line: [gcc version 9.4.0 (Ubuntu 9.4.0-1ubuntu1~20.04.1) ]
  ignore line: [COLLECT_GCC_OPTIONS='-v' '-o' 'CMakeFiles/cmTC_19ab4.dir/CMakeCCompilerABI.c.o' '-c' '-mtune=generic' '-march=x86-64']
  ignore line: [ /usr/lib/gcc/x86_64-linux-gnu/9/cc1 -quiet -v -imultiarch x86_64-linux-gnu /usr/share/cmake-3.25/Modules/CMakeCCompilerABI.c -quiet -dumpbase CMakeCCompilerABI.c -mtune=generic -march=x86-64 -auxbase-strip CMakeFiles/cmTC_19ab4.dir/CMakeCCompilerABI.c.o -version -fasynchronous-unwind-tables -fstack-protector-strong -Wformat -Wformat-security -fstack-clash-protection -fcf-protection -o /tmp/ccVxREoA.s]
  ignore line: [GNU C17 (Ubuntu 9.4.0-1ubuntu1~20.04.1) version 9.4.0 (x86_64-linux-gnu)]
  ignore line: [	compiled by GNU C version 9.4.0  GMP version 6.2.0  MPFR version 4.0.2  MPC version 1.1.0  isl version isl-0.22.1-GMP]
  ignore line: []
  ignore line: [GGC heuristics: --param ggc-min-expand=100 --param ggc-min-heapsize=131072]
  ignore line: [ignoring nonexistent directory "/usr/local/include/x86_64-linux-gnu"]
  ignore line: [ignoring nonexistent directory "/usr/lib/gcc/x86_64-linux-gnu/9/include-fixed"]
  ignore line: [ignoring nonexistent directory "/usr/lib/gcc/x86_64-linux-gnu/9/../../../../x86_64-linux-gnu/include"]
  ignore line: [#include "..." search starts here:]
  ignore line: [#include <...> search starts here:]
  ignore line: [ /usr/lib/gcc/x86_64-linux-gnu/9/include]
  ignore line: [ /usr/local/include]
  ignore line: [ /usr/include/x86_64-linux-gnu]
  ignore line: [ /usr/include]
  ignore line: [End of search list.]
  ignore line: [GNU C17 (Ubuntu 9.4.0-1ubuntu1~20.04.1) version 9.4.0 (x86_64-linux-gnu)]
  ignore line: [	compiled by GNU C version 9.4.0  GMP version 6.2.0  MPFR version 4.0.2  MPC version 1.1.0  isl version isl-0.22.1-GMP]
  ignore line: []
  ignore line: [GGC heuristics: --param ggc-min-expand=100 --param ggc-min-heapsize=131072]
  ignore line: [Compiler executable checksum: c0c95c0b4209efec1c1892d5ff24030b]
  ignore line: [COLLECT_GCC_OPTIONS='-v' '-o' 'CMakeFiles/cmTC_19ab4.dir/CMakeCCompilerABI.c.o' '-c' '-mtune=generic' '-march=x86-64']
  ignore line: [ as -v --64 -o CMakeFiles/cmTC_19ab4.dir/CMakeCCompilerABI.c.o /tmp/ccVxREoA.s]
  ignore line: [GNU assembler version 2.34 (x86_64-linux-gnu) using BFD version (GNU Binutils for Ubuntu) 2.34]
  ignore line: [COMPILER_PATH=/usr/lib/gcc/x86_64-linux-gnu/9/:/usr/lib/gcc/x86_64-linux-gnu/9/:/usr/lib/gcc/x86_64-linux-gnu/:/usr/lib/gcc/x86_64-linux-gnu/9/:/usr/lib/gcc/x86_64-linux-gnu/]
  ignore line: [LIBRARY_PATH=/usr/lib/gcc/x86_64-linux-gnu/9/:/usr/lib/gcc/x86_64-linux-gnu/9/../../../x86_64-linux-gnu/:/usr/lib/gcc/x86_64-linux-gnu/9/../../../../lib/:/lib/x86_64-linux-gnu/:/lib/../lib/:/usr/lib/x86_64-linux-gnu/:/usr/lib/../lib/:/usr/lib/gcc/x86_64-linux-gnu/9/../../../:/lib/:/usr/lib/]
  ignore line: [COLLECT_GCC_OPTIONS='-v' '-o' 'CMakeFiles/cmTC_19ab4.dir/CMakeCCompilerABI.c.o' '-c' '-mtune=generic' '-march=x86-64']
  ignore line: [Linking C executable cmTC_19ab4]
  ignore line: [/usr/bin/cmake -E cmake_link_script CMakeFiles/cmTC_19ab4.dir/link.txt --verbose=1]
  ignore line: [/usr/bin/cc  -v -rdynamic CMakeFiles/cmTC_19ab4.dir/CMakeCCompilerABI.c.o -o cmTC_19ab4 ]
  ignore line: [Using built-in specs.]
  ignore line: [COLLECT_GCC=/usr/bin/cc]
  ignore line: [COLLECT_LTO_WRAPPER=/usr/lib/gcc/x86_64-linux-gnu/9/lto-wrapper]
  ignore line: [OFFLOAD_TARGET_NAMES=nvptx-none:hsa]
  ignore line: [OFFLOAD_TARGET_DEFAULT=1]
  ignore line: [Target: x86_64-linux-gnu]
  ignore line: [Configured with: ../src/configure -v --with-pkgversion='Ubuntu 9.4.0-1ubuntu1~20.04.1' --with-bugurl=file:///usr/share/doc/gcc-9/README.Bugs --enable-languages=c ada c++ go brig d fortran objc obj-c++ gm2 --prefix=/usr --with-gcc-major-version-only --program-suffix=-9 --program-prefix=x86_64-linux-gnu- --enable-shared --enable-linker-build-id --libexecdir=/usr/lib --without-included-gettext --enable-threads=posix --libdir=/usr/lib --enable-nls --enable-clocale=gnu --enable-libstdcxx-debug --enable-libstdcxx-time=yes --with-default-libstdcxx-abi=new --enable-gnu-unique-object --disable-vtable-verify --enable-plugin --enable-default-pie --with-system-zlib --with-target-system-zlib=auto --enable-objc-gc=auto --enable-multiarch --disable-werror --with-arch-32=i686 --with-abi=m64 --with-multilib-list=m32 m64 mx32 --enable-multilib --with-tune=generic --enable-offload-targets=nvptx-none=/build/gcc-9-Av3uEd/gcc-9-9.4.0/debian/tmp-nvptx/usr hsa --without-cuda-driver --enable-checking=release --build=x86_64-linux-gnu --host=x86_64-linux-gnu --target=x86_64-linux-gnu]
  ignore line: [Thread model: posix]
  ignore line: [gcc version 9.4.0 (Ubuntu 9.4.0-1ubuntu1~20.04.1) ]
  ignore line: [COMPILER_PATH=/usr/lib/gcc/x86_64-linux-gnu/9/:/usr/lib/gcc/x86_64-linux-gnu/9/:/usr/lib/gcc/x86_64-linux-gnu/:/usr/lib/gcc/x86_64-linux-gnu/9/:/usr/lib/gcc/x86_64-linux-gnu/]
  ignore line: [LIBRARY_PATH=/usr/lib/gcc/x86_64-linux-gnu/9/:/usr/lib/gcc/x86_64-linux-gnu/9/../../../x86_64-linux-gnu/:/usr/lib/gcc/x86_64-linux-gnu/9/../../../../lib/:/lib/x86_64-linux-gnu/:/lib/../lib/:/usr/lib/x86_64-linux-gnu/:/usr/lib/../lib/:/usr/lib/gcc/x86_64-linux-gnu/9/../../../:/lib/:/usr/lib/]
  ignore line: [COLLECT_GCC_OPTIONS='-v' '-rdynamic' '-o' 'cmTC_19ab4' '-mtune=generic' '-march=x86-64']
  link line: [ /usr/lib/gcc/x86_64-linux-gnu/9/collect2 -plugin /usr/lib/gcc/x86_64-linux-gnu/9/liblto_plugin.so -plugin-opt=/usr/lib/gcc/x86_64-linux-gnu/9/lto-wrapper -plugin-opt=-fresolution=/tmp/ccmpLOV2.res -plugin-opt=-pass-through=-lgcc -plugin-opt=-pass-through=-lgcc_s -plugin-opt=-pass-through=-lc -plugin-opt=-pass-through=-lgcc -plugin-opt=-pass-through=-lgcc_s --build-id --eh-frame-hdr -m elf_x86_64 --hash-style=gnu --as-needed -export-dynamic -dynamic-linker /lib64/ld-linux-x86-64.so.2 -pie -z now -z relro -o cmTC_19ab4 /usr/lib/gcc/x86_64-linux-gnu/9/../../../x86_64-linux-gnu/Scrt1.o /usr/lib/gcc/x86_64-linux-gnu/9/../../../x86_64-linux-gnu/crti.o /usr/lib/gcc/x86_64-linux-gnu/9/crtbeginS.o -L/usr/lib/gcc/x86_64-linux-gnu/9 -L/usr/lib/gcc/x86_64-linux-gnu/9/../../../x86_64-linux-gnu -L/usr/lib/gcc/x86_64-linux-gnu/9/../../../../lib -L/lib/x86_64-linux-gnu -L/lib/../lib -L/usr/lib/x86_64-linux-gnu -L/usr/lib/../lib -L/usr/lib/gcc/x86_64-linux-gnu/9/../../.. CMakeFiles/cmTC_19ab4.dir/CMakeCCompilerABI.c.o -lgcc --push-state --as-needed -lgcc_s --pop-state -lc -lgcc --push-state --as-needed -lgcc_s --pop-state /usr/lib/gcc/x86_64-linux-gnu/9/crtendS.o /usr/lib/gcc/x86_64-linux-gnu/9/../../../x86_64-linux-gnu/crtn.o]
    arg [/usr/lib/gcc/x86_64-linux-gnu/9/collect2] ==> ignore
    arg [-plugin] ==> ignore
    arg [/usr/lib/gcc/x86_64-linux-gnu/9/liblto_plugin.so] ==> ignore
    arg [-plugin-opt=/usr/lib/gcc/x86_64-linux-gnu/9/lto-wrapper] ==> ignore
    arg [-plugin-opt=-fresolution=/tmp/ccmpLOV2.res] ==> ignore
    arg [-plugin-opt=-pass-through=-lgcc] ==> ignore
    arg [-plugin-opt=-pass-through=-lgcc_s] ==> ignore
    arg [-plugin-opt=-pass-through=-lc] ==> ignore
    arg [-plugin-opt=-pass-through=-lgcc] ==> ignore
    arg [-plugin-opt=-pass-through=-lgcc_s] ==> ignore
    arg [--build-id] ==> ignore
    arg [--eh-frame-hdr] ==> ignore
    arg [-m] ==> ignore
    arg [elf_x86_64] ==> ignore
    arg [--hash-style=gnu] ==> ignore
    arg [--as-needed] ==> ignore
    arg [-export-dynamic] ==> ignore
    arg [-dynamic-linker] ==> ignore
    arg [/lib64/ld-linux-x86-64.so.2] ==> ignore
    arg [-pie] ==> ignore
    arg [-znow] ==> ignore
    arg [-zrelro] ==> ignore
    arg [-o] ==> ignore
    arg [cmTC_19ab4] ==> ignore
    arg [/usr/lib/gcc/x86_64-linux-gnu/9/../../../x86_64-linux-gnu/Scrt1.o] ==> obj [/usr/lib/gcc/x86_64-linux-gnu/9/../../../x86_64-linux-gnu/Scrt1.o]
    arg [/usr/lib/gcc/x86_64-linux-gnu/9/../../../x86_64-linux-gnu/crti.o] ==> obj [/usr/lib/gcc/x86_64-linux-gnu/9/../../../x86_64-linux-gnu/crti.o]
    arg [/usr/lib/gcc/x86_64-linux-gnu/9/crtbeginS.o] ==> obj [/usr/lib/gcc/x86_64-linux-gnu/9/crtbeginS.o]
    arg [-L/usr/lib/gcc/x86_64-linux-gnu/9] ==> dir [/usr/lib/gcc/x86_64-linux-gnu/9]
    arg [-L/usr/lib/gcc/x86_64-linux-gnu/9/../../../x86_64-linux-gnu] ==> dir [/usr/lib/gcc/x86_64-linux-gnu/9/../../../x86_64-linux-gnu]
    arg [-L/usr/lib/gcc/x86_64-linux-gnu/9/../../../../lib] ==> dir [/usr/lib/gcc/x86_64-linux-gnu/9/../../../../lib]
    arg [-L/lib/x86_64-linux-gnu] ==> dir [/lib/x86_64-linux-gnu]
    arg [-L/lib/../lib] ==> dir [/lib/../lib]
    arg [-L/usr/lib/x86_64-linux-gnu] ==> dir [/usr/lib/x86_64-linux-gnu]
    arg [-L/usr/lib/../lib] ==> dir [/usr/lib/../lib]
    arg [-L/usr/lib/gcc/x86_64-linux-gnu/9/../../..] ==> dir [/usr/lib/gcc/x86_64-linux-gnu/9/../../..]
    arg [CMakeFiles/cmTC_19ab4.dir/CMakeCCompilerABI.c.o] ==> ignore
    arg [-lgcc] ==> lib [gcc]
    arg [--push-state] ==> ignore
    arg [--as-needed] ==> ignore
    arg [-lgcc_s] ==> lib [gcc_s]
    arg [--pop-state] ==> ignore
    arg [-lc] ==> lib [c]
    arg [-lgcc] ==> lib [gcc]
    arg [--push-state] ==> ignore
    arg [--as-needed] ==> ignore
    arg [-lgcc_s] ==> lib [gcc_s]
    arg [--pop-state] ==> ignore
    arg [/usr/lib/gcc/x86_64-linux-gnu/9/crtendS.o] ==> obj [/usr/lib/gcc/x86_64-linux-gnu/9/crtendS.o]
    arg [/usr/lib/gcc/x86_64-linux-gnu/9/../../../x86_64-linux-gnu/crtn.o] ==> obj [/usr/lib/gcc/x86_64-linux-gnu/9/../../../x86_64-linux-gnu/crtn.o]
  collapse obj [/usr/lib/gcc/x86_64-linux-gnu/9/../../../x86_64-linux-gnu/Scrt1.o] ==> [/usr/lib/x86_64-linux-gnu/Scrt1.o]
  collapse obj [/usr/lib/gcc/x86_64-linux-gnu/9/../../../x86_64-linux-gnu/crti.o] ==> [/usr/lib/x86_64-linux-gnu/crti.o]
  collapse obj [/usr/lib/gcc/x86_64-linux-gnu/9/../../../x86_64-linux-gnu/crtn.o] ==> [/usr/lib/x86_64-linux-gnu/crtn.o]
  collapse library dir [/usr/lib/gcc/x86_64-linux-gnu/9] ==> [/usr/lib/gcc/x86_64-linux-gnu/9]
  collapse library dir [/usr/lib/gcc/x86_64-linux-gnu/9/../../../x86_64-linux-gnu] ==> [/usr/lib/x86_64-linux-gnu]
  collapse library dir [/usr/lib/gcc/x86_64-linux-gnu/9/../../../../lib] ==> [/usr/lib]
  collapse library dir [/lib/x86_64-linux-gnu] ==> [/lib/x86_64-linux-gnu]
  collapse library dir [/lib/../lib] ==> [/lib]
  collapse library dir [/usr/lib/x86_64-linux-gnu] ==> [/usr/lib/x86_64-linux-gnu]
  collapse library dir [/usr/lib/../lib] ==> [/usr/lib]
  collapse library dir [/usr/lib/gcc/x86_64-linux-gnu/9/../../..] ==> [/usr/lib]
  implicit libs: [gcc;gcc_s;c;gcc;gcc_s]
  implicit objs: [/usr/lib/x86_64-linux-gnu/Scrt1.o;/usr/lib/x86_64-linux-gnu/crti.o;/usr/lib/gcc/x86_64-linux-gnu/9/crtbeginS.o;/usr/lib/gcc/x86_64-linux-gnu/9/crtendS.o;/usr/lib/x86_64-linux-gnu/crtn.o]
  implicit dirs: [/usr/lib/gcc/x86_64-linux-gnu/9;/usr/lib/x86_64-linux-gnu;/usr/lib;/lib/x86_64-linux-gnu;/lib]
  implicit fwks: []


Detecting CXX compiler ABI info compiled with the following output:
Change Dir: /home/thomas/Colmap_OpenMVS/build/eigen_build/CMakeFiles/CMakeScratch/TryCompile-hzxIIN

Run Build Command(s):/usr/bin/make -f Makefile cmTC_94d4a/fast && /usr/bin/make  -f CMakeFiles/cmTC_94d4a.dir/build.make CMakeFiles/cmTC_94d4a.dir/build
make[1]: Entering directory '/home/thomas/Colmap_OpenMVS/build/eigen_build/CMakeFiles/CMakeScratch/TryCompile-hzxIIN'
Building CXX object CMakeFiles/cmTC_94d4a.dir/CMakeCXXCompilerABI.cpp.o
/usr/bin/c++   -v -o CMakeFiles/cmTC_94d4a.dir/CMakeCXXCompilerABI.cpp.o -c /usr/share/cmake-3.25/Modules/CMakeCXXCompilerABI.cpp
Using built-in specs.
COLLECT_GCC=/usr/bin/c++
OFFLOAD_TARGET_NAMES=nvptx-none:hsa
OFFLOAD_TARGET_DEFAULT=1
Target: x86_64-linux-gnu
Configured with: ../src/configure -v --with-pkgversion='Ubuntu 9.4.0-1ubuntu1~20.04.1' --with-bugurl=file:///usr/share/doc/gcc-9/README.Bugs --enable-languages=c,ada,c++,go,brig,d,fortran,objc,obj-c++,gm2 --prefix=/usr --with-gcc-major-version-only --program-suffix=-9 --program-prefix=x86_64-linux-gnu- --enable-shared --enable-linker-build-id --libexecdir=/usr/lib --without-included-gettext --enable-threads=posix --libdir=/usr/lib --enable-nls --enable-clocale=gnu --enable-libstdcxx-debug --enable-libstdcxx-time=yes --with-default-libstdcxx-abi=new --enable-gnu-unique-object --disable-vtable-verify --enable-plugin --enable-default-pie --with-system-zlib --with-target-system-zlib=auto --enable-objc-gc=auto --enable-multiarch --disable-werror --with-arch-32=i686 --with-abi=m64 --with-multilib-list=m32,m64,mx32 --enable-multilib --with-tune=generic --enable-offload-targets=nvptx-none=/build/gcc-9-Av3uEd/gcc-9-9.4.0/debian/tmp-nvptx/usr,hsa --without-cuda-driver --enable-checking=release --build=x86_64-linux-gnu --host=x86_64-linux-gnu --target=x86_64-linux-gnu
Thread model: posix
gcc version 9.4.0 (Ubuntu 9.4.0-1ubuntu1~20.04.1) 
COLLECT_GCC_OPTIONS='-v' '-o' 'CMakeFiles/cmTC_94d4a.dir/CMakeCXXCompilerABI.cpp.o' '-c' '-shared-libgcc' '-mtune=generic' '-march=x86-64'
 /usr/lib/gcc/x86_64-linux-gnu/9/cc1plus -quiet -v -imultiarch x86_64-linux-gnu -D_GNU_SOURCE /usr/share/cmake-3.25/Modules/CMakeCXXCompilerABI.cpp -quiet -dumpbase CMakeCXXCompilerABI.cpp -mtune=generic -march=x86-64 -auxbase-strip CMakeFiles/cmTC_94d4a.dir/CMakeCXXCompilerABI.cpp.o -version -fasynchronous-unwind-tables -fstack-protector-strong -Wformat -Wformat-security -fstack-clash-protection -fcf-protection -o /tmp/ccmjJFZD.s
GNU C++14 (Ubuntu 9.4.0-1ubuntu1~20.04.1) version 9.4.0 (x86_64-linux-gnu)
	compiled by GNU C version 9.4.0, GMP version 6.2.0, MPFR version 4.0.2, MPC version 1.1.0, isl version isl-0.22.1-GMP

GGC heuristics: --param ggc-min-expand=100 --param ggc-min-heapsize=131072
ignoring duplicate directory "/usr/include/x86_64-linux-gnu/c++/9"
ignoring nonexistent directory "/usr/local/include/x86_64-linux-gnu"
ignoring nonexistent directory "/usr/lib/gcc/x86_64-linux-gnu/9/include-fixed"
ignoring nonexistent directory "/usr/lib/gcc/x86_64-linux-gnu/9/../../../../x86_64-linux-gnu/include"
#include "..." search starts here:
#include <...> search starts here:
 /usr/include/c++/9
 /usr/include/x86_64-linux-gnu/c++/9
 /usr/include/c++/9/backward
 /usr/lib/gcc/x86_64-linux-gnu/9/include
 /usr/local/include
 /usr/include/x86_64-linux-gnu
 /usr/include
End of search list.
GNU C++14 (Ubuntu 9.4.0-1ubuntu1~20.04.1) version 9.4.0 (x86_64-linux-gnu)
	compiled by GNU C version 9.4.0, GMP version 6.2.0, MPFR version 4.0.2, MPC version 1.1.0, isl version isl-0.22.1-GMP

GGC heuristics: --param ggc-min-expand=100 --param ggc-min-heapsize=131072
Compiler executable checksum: 65fe925b83d3956b533de4aaba7dace0
COLLECT_GCC_OPTIONS='-v' '-o' 'CMakeFiles/cmTC_94d4a.dir/CMakeCXXCompilerABI.cpp.o' '-c' '-shared-libgcc' '-mtune=generic' '-march=x86-64'
 as -v --64 -o CMakeFiles/cmTC_94d4a.dir/CMakeCXXCompilerABI.cpp.o /tmp/ccmjJFZD.s
GNU assembler version 2.34 (x86_64-linux-gnu) using BFD version (GNU Binutils for Ubuntu) 2.34
COMPILER_PATH=/usr/lib/gcc/x86_64-linux-gnu/9/:/usr/lib/gcc/x86_64-linux-gnu/9/:/usr/lib/gcc/x86_64-linux-gnu/:/usr/lib/gcc/x86_64-linux-gnu/9/:/usr/lib/gcc/x86_64-linux-gnu/
LIBRARY_PATH=/usr/lib/gcc/x86_64-linux-gnu/9/:/usr/lib/gcc/x86_64-linux-gnu/9/../../../x86_64-linux-gnu/:/usr/lib/gcc/x86_64-linux-gnu/9/../../../../lib/:/lib/x86_64-linux-gnu/:/lib/../lib/:/usr/lib/x86_64-linux-gnu/:/usr/lib/../lib/:/usr/lib/gcc/x86_64-linux-gnu/9/../../../:/lib/:/usr/lib/
COLLECT_GCC_OPTIONS='-v' '-o' 'CMakeFiles/cmTC_94d4a.dir/CMakeCXXCompilerABI.cpp.o' '-c' '-shared-libgcc' '-mtune=generic' '-march=x86-64'
Linking CXX executable cmTC_94d4a
/usr/bin/cmake -E cmake_link_script CMakeFiles/cmTC_94d4a.dir/link.txt --verbose=1
/usr/bin/c++  -v -rdynamic CMakeFiles/cmTC_94d4a.dir/CMakeCXXCompilerABI.cpp.o -o cmTC_94d4a 
Using built-in specs.
COLLECT_GCC=/usr/bin/c++
COLLECT_LTO_WRAPPER=/usr/lib/gcc/x86_64-linux-gnu/9/lto-wrapper
OFFLOAD_TARGET_NAMES=nvptx-none:hsa
OFFLOAD_TARGET_DEFAULT=1
Target: x86_64-linux-gnu
Configured with: ../src/configure -v --with-pkgversion='Ubuntu 9.4.0-1ubuntu1~20.04.1' --with-bugurl=file:///usr/share/doc/gcc-9/README.Bugs --enable-languages=c,ada,c++,go,brig,d,fortran,objc,obj-c++,gm2 --prefix=/usr --with-gcc-major-version-only --program-suffix=-9 --program-prefix=x86_64-linux-gnu- --enable-shared --enable-linker-build-id --libexecdir=/usr/lib --without-included-gettext --enable-threads=posix --libdir=/usr/lib --enable-nls --enable-clocale=gnu --enable-libstdcxx-debug --enable-libstdcxx-time=yes --with-default-libstdcxx-abi=new --enable-gnu-unique-object --disable-vtable-verify --enable-plugin --enable-default-pie --with-system-zlib --with-target-system-zlib=auto --enable-objc-gc=auto --enable-multiarch --disable-werror --with-arch-32=i686 --with-abi=m64 --with-multilib-list=m32,m64,mx32 --enable-multilib --with-tune=generic --enable-offload-targets=nvptx-none=/build/gcc-9-Av3uEd/gcc-9-9.4.0/debian/tmp-nvptx/usr,hsa --without-cuda-driver --enable-checking=release --build=x86_64-linux-gnu --host=x86_64-linux-gnu --target=x86_64-linux-gnu
Thread model: posix
gcc version 9.4.0 (Ubuntu 9.4.0-1ubuntu1~20.04.1) 
COMPILER_PATH=/usr/lib/gcc/x86_64-linux-gnu/9/:/usr/lib/gcc/x86_64-linux-gnu/9/:/usr/lib/gcc/x86_64-linux-gnu/:/usr/lib/gcc/x86_64-linux-gnu/9/:/usr/lib/gcc/x86_64-linux-gnu/
LIBRARY_PATH=/usr/lib/gcc/x86_64-linux-gnu/9/:/usr/lib/gcc/x86_64-linux-gnu/9/../../../x86_64-linux-gnu/:/usr/lib/gcc/x86_64-linux-gnu/9/../../../../lib/:/lib/x86_64-linux-gnu/:/lib/../lib/:/usr/lib/x86_64-linux-gnu/:/usr/lib/../lib/:/usr/lib/gcc/x86_64-linux-gnu/9/../../../:/lib/:/usr/lib/
COLLECT_GCC_OPTIONS='-v' '-rdynamic' '-o' 'cmTC_94d4a' '-shared-libgcc' '-mtune=generic' '-march=x86-64'
 /usr/lib/gcc/x86_64-linux-gnu/9/collect2 -plugin /usr/lib/gcc/x86_64-linux-gnu/9/liblto_plugin.so -plugin-opt=/usr/lib/gcc/x86_64-linux-gnu/9/lto-wrapper -plugin-opt=-fresolution=/tmp/ccLAxGX4.res -plugin-opt=-pass-through=-lgcc_s -plugin-opt=-pass-through=-lgcc -plugin-opt=-pass-through=-lc -plugin-opt=-pass-through=-lgcc_s -plugin-opt=-pass-through=-lgcc --build-id --eh-frame-hdr -m elf_x86_64 --hash-style=gnu --as-needed -export-dynamic -dynamic-linker /lib64/ld-linux-x86-64.so.2 -pie -z now -z relro -o cmTC_94d4a /usr/lib/gcc/x86_64-linux-gnu/9/../../../x86_64-linux-gnu/Scrt1.o /usr/lib/gcc/x86_64-linux-gnu/9/../../../x86_64-linux-gnu/crti.o /usr/lib/gcc/x86_64-linux-gnu/9/crtbeginS.o -L/usr/lib/gcc/x86_64-linux-gnu/9 -L/usr/lib/gcc/x86_64-linux-gnu/9/../../../x86_64-linux-gnu -L/usr/lib/gcc/x86_64-linux-gnu/9/../../../../lib -L/lib/x86_64-linux-gnu -L/lib/../lib -L/usr/lib/x86_64-linux-gnu -L/usr/lib/../lib -L/usr/lib/gcc/x86_64-linux-gnu/9/../../.. CMakeFiles/cmTC_94d4a.dir/CMakeCXXCompilerABI.cpp.o -lstdc++ -lm -lgcc_s -lgcc -lc -lgcc_s -lgcc /usr/lib/gcc/x86_64-linux-gnu/9/crtendS.o /usr/lib/gcc/x86_64-linux-gnu/9/../../../x86_64-linux-gnu/crtn.o
COLLECT_GCC_OPTIONS='-v' '-rdynamic' '-o' 'cmTC_94d4a' '-shared-libgcc' '-mtune=generic' '-march=x86-64'
make[1]: Leaving directory '/home/thomas/Colmap_OpenMVS/build/eigen_build/CMakeFiles/CMakeScratch/TryCompile-hzxIIN'



Parsed CXX implicit include dir info from above output: rv=done
  found start of include info
  found start of implicit include info
    add: [/usr/include/c++/9]
    add: [/usr/include/x86_64-linux-gnu/c++/9]
    add: [/usr/include/c++/9/backward]
    add: [/usr/lib/gcc/x86_64-linux-gnu/9/include]
    add: [/usr/local/include]
    add: [/usr/include/x86_64-linux-gnu]
    add: [/usr/include]
  end of search list found
  collapse include dir [/usr/include/c++/9] ==> [/usr/include/c++/9]
  collapse include dir [/usr/include/x86_64-linux-gnu/c++/9] ==> [/usr/include/x86_64-linux-gnu/c++/9]
  collapse include dir [/usr/include/c++/9/backward] ==> [/usr/include/c++/9/backward]
  collapse include dir [/usr/lib/gcc/x86_64-linux-gnu/9/include] ==> [/usr/lib/gcc/x86_64-linux-gnu/9/include]
  collapse include dir [/usr/local/include] ==> [/usr/local/include]
  collapse include dir [/usr/include/x86_64-linux-gnu] ==> [/usr/include/x86_64-linux-gnu]
  collapse include dir [/usr/include] ==> [/usr/include]
  implicit include dirs: [/usr/include/c++/9;/usr/include/x86_64-linux-gnu/c++/9;/usr/include/c++/9/backward;/usr/lib/gcc/x86_64-linux-gnu/9/include;/usr/local/include;/usr/include/x86_64-linux-gnu;/usr/include]


Parsed CXX implicit link information from above output:
  link line regex: [^( *|.*[/\])(ld|CMAKE_LINK_STARTFILE-NOTFOUND|([^/\]+-)?ld|collect2)[^/\]*( |$)]
  ignore line: [Change Dir: /home/thomas/Colmap_OpenMVS/build/eigen_build/CMakeFiles/CMakeScratch/TryCompile-hzxIIN]
  ignore line: []
  ignore line: [Run Build Command(s):/usr/bin/make -f Makefile cmTC_94d4a/fast && /usr/bin/make  -f CMakeFiles/cmTC_94d4a.dir/build.make CMakeFiles/cmTC_94d4a.dir/build]
  ignore line: [make[1]: Entering directory '/home/thomas/Colmap_OpenMVS/build/eigen_build/CMakeFiles/CMakeScratch/TryCompile-hzxIIN']
  ignore line: [Building CXX object CMakeFiles/cmTC_94d4a.dir/CMakeCXXCompilerABI.cpp.o]
  ignore line: [/usr/bin/c++   -v -o CMakeFiles/cmTC_94d4a.dir/CMakeCXXCompilerABI.cpp.o -c /usr/share/cmake-3.25/Modules/CMakeCXXCompilerABI.cpp]
  ignore line: [Using built-in specs.]
  ignore line: [COLLECT_GCC=/usr/bin/c++]
  ignore line: [OFFLOAD_TARGET_NAMES=nvptx-none:hsa]
  ignore line: [OFFLOAD_TARGET_DEFAULT=1]
  ignore line: [Target: x86_64-linux-gnu]
  ignore line: [Configured with: ../src/configure -v --with-pkgversion='Ubuntu 9.4.0-1ubuntu1~20.04.1' --with-bugurl=file:///usr/share/doc/gcc-9/README.Bugs --enable-languages=c ada c++ go brig d fortran objc obj-c++ gm2 --prefix=/usr --with-gcc-major-version-only --program-suffix=-9 --program-prefix=x86_64-linux-gnu- --enable-shared --enable-linker-build-id --libexecdir=/usr/lib --without-included-gettext --enable-threads=posix --libdir=/usr/lib --enable-nls --enable-clocale=gnu --enable-libstdcxx-debug --enable-libstdcxx-time=yes --with-default-libstdcxx-abi=new --enable-gnu-unique-object --disable-vtable-verify --enable-plugin --enable-default-pie --with-system-zlib --with-target-system-zlib=auto --enable-objc-gc=auto --enable-multiarch --disable-werror --with-arch-32=i686 --with-abi=m64 --with-multilib-list=m32 m64 mx32 --enable-multilib --with-tune=generic --enable-offload-targets=nvptx-none=/build/gcc-9-Av3uEd/gcc-9-9.4.0/debian/tmp-nvptx/usr hsa --without-cuda-driver --enable-checking=release --build=x86_64-linux-gnu --host=x86_64-linux-gnu --target=x86_64-linux-gnu]
  ignore line: [Thread model: posix]
  ignore line: [gcc version 9.4.0 (Ubuntu 9.4.0-1ubuntu1~20.04.1) ]
  ignore line: [COLLECT_GCC_OPTIONS='-v' '-o' 'CMakeFiles/cmTC_94d4a.dir/CMakeCXXCompilerABI.cpp.o' '-c' '-shared-libgcc' '-mtune=generic' '-march=x86-64']
  ignore line: [ /usr/lib/gcc/x86_64-linux-gnu/9/cc1plus -quiet -v -imultiarch x86_64-linux-gnu -D_GNU_SOURCE /usr/share/cmake-3.25/Modules/CMakeCXXCompilerABI.cpp -quiet -dumpbase CMakeCXXCompilerABI.cpp -mtune=generic -march=x86-64 -auxbase-strip CMakeFiles/cmTC_94d4a.dir/CMakeCXXCompilerABI.cpp.o -version -fasynchronous-unwind-tables -fstack-protector-strong -Wformat -Wformat-security -fstack-clash-protection -fcf-protection -o /tmp/ccmjJFZD.s]
  ignore line: [GNU C++14 (Ubuntu 9.4.0-1ubuntu1~20.04.1) version 9.4.0 (x86_64-linux-gnu)]
  ignore line: [	compiled by GNU C version 9.4.0  GMP version 6.2.0  MPFR version 4.0.2  MPC version 1.1.0  isl version isl-0.22.1-GMP]
  ignore line: []
  ignore line: [GGC heuristics: --param ggc-min-expand=100 --param ggc-min-heapsize=131072]
  ignore line: [ignoring duplicate directory "/usr/include/x86_64-linux-gnu/c++/9"]
  ignore line: [ignoring nonexistent directory "/usr/local/include/x86_64-linux-gnu"]
  ignore line: [ignoring nonexistent directory "/usr/lib/gcc/x86_64-linux-gnu/9/include-fixed"]
  ignore line: [ignoring nonexistent directory "/usr/lib/gcc/x86_64-linux-gnu/9/../../../../x86_64-linux-gnu/include"]
  ignore line: [#include "..." search starts here:]
  ignore line: [#include <...> search starts here:]
  ignore line: [ /usr/include/c++/9]
  ignore line: [ /usr/include/x86_64-linux-gnu/c++/9]
  ignore line: [ /usr/include/c++/9/backward]
  ignore line: [ /usr/lib/gcc/x86_64-linux-gnu/9/include]
  ignore line: [ /usr/local/include]
  ignore line: [ /usr/include/x86_64-linux-gnu]
  ignore line: [ /usr/include]
  ignore line: [End of search list.]
  ignore line: [GNU C++14 (Ubuntu 9.4.0-1ubuntu1~20.04.1) version 9.4.0 (x86_64-linux-gnu)]
  ignore line: [	compiled by GNU C version 9.4.0  GMP version 6.2.0  MPFR version 4.0.2  MPC version 1.1.0  isl version isl-0.22.1-GMP]
  ignore line: []
  ignore line: [GGC heuristics: --param ggc-min-expand=100 --param ggc-min-heapsize=131072]
  ignore line: [Compiler executable checksum: 65fe925b83d3956b533de4aaba7dace0]
  ignore line: [COLLECT_GCC_OPTIONS='-v' '-o' 'CMakeFiles/cmTC_94d4a.dir/CMakeCXXCompilerABI.cpp.o' '-c' '-shared-libgcc' '-mtune=generic' '-march=x86-64']
  ignore line: [ as -v --64 -o CMakeFiles/cmTC_94d4a.dir/CMakeCXXCompilerABI.cpp.o /tmp/ccmjJFZD.s]
  ignore line: [GNU assembler version 2.34 (x86_64-linux-gnu) using BFD version (GNU Binutils for Ubuntu) 2.34]
  ignore line: [COMPILER_PATH=/usr/lib/gcc/x86_64-linux-gnu/9/:/usr/lib/gcc/x86_64-linux-gnu/9/:/usr/lib/gcc/x86_64-linux-gnu/:/usr/lib/gcc/x86_64-linux-gnu/9/:/usr/lib/gcc/x86_64-linux-gnu/]
  ignore line: [LIBRARY_PATH=/usr/lib/gcc/x86_64-linux-gnu/9/:/usr/lib/gcc/x86_64-linux-gnu/9/../../../x86_64-linux-gnu/:/usr/lib/gcc/x86_64-linux-gnu/9/../../../../lib/:/lib/x86_64-linux-gnu/:/lib/../lib/:/usr/lib/x86_64-linux-gnu/:/usr/lib/../lib/:/usr/lib/gcc/x86_64-linux-gnu/9/../../../:/lib/:/usr/lib/]
  ignore line: [COLLECT_GCC_OPTIONS='-v' '-o' 'CMakeFiles/cmTC_94d4a.dir/CMakeCXXCompilerABI.cpp.o' '-c' '-shared-libgcc' '-mtune=generic' '-march=x86-64']
  ignore line: [Linking CXX executable cmTC_94d4a]
  ignore line: [/usr/bin/cmake -E cmake_link_script CMakeFiles/cmTC_94d4a.dir/link.txt --verbose=1]
  ignore line: [/usr/bin/c++  -v -rdynamic CMakeFiles/cmTC_94d4a.dir/CMakeCXXCompilerABI.cpp.o -o cmTC_94d4a ]
  ignore line: [Using built-in specs.]
  ignore line: [COLLECT_GCC=/usr/bin/c++]
  ignore line: [COLLECT_LTO_WRAPPER=/usr/lib/gcc/x86_64-linux-gnu/9/lto-wrapper]
  ignore line: [OFFLOAD_TARGET_NAMES=nvptx-none:hsa]
  ignore line: [OFFLOAD_TARGET_DEFAULT=1]
  ignore line: [Target: x86_64-linux-gnu]
  ignore line: [Configured with: ../src/configure -v --with-pkgversion='Ubuntu 9.4.0-1ubuntu1~20.04.1' --with-bugurl=file:///usr/share/doc/gcc-9/README.Bugs --enable-languages=c ada c++ go brig d fortran objc obj-c++ gm2 --prefix=/usr --with-gcc-major-version-only --program-suffix=-9 --program-prefix=x86_64-linux-gnu- --enable-shared --enable-linker-build-id --libexecdir=/usr/lib --without-included-gettext --enable-threads=posix --libdir=/usr/lib --enable-nls --enable-clocale=gnu --enable-libstdcxx-debug --enable-libstdcxx-time=yes --with-default-libstdcxx-abi=new --enable-gnu-unique-object --disable-vtable-verify --enable-plugin --enable-default-pie --with-system-zlib --with-target-system-zlib=auto --enable-objc-gc=auto --enable-multiarch --disable-werror --with-arch-32=i686 --with-abi=m64 --with-multilib-list=m32 m64 mx32 --enable-multilib --with-tune=generic --enable-offload-targets=nvptx-none=/build/gcc-9-Av3uEd/gcc-9-9.4.0/debian/tmp-nvptx/usr hsa --without-cuda-driver --enable-checking=release --build=x86_64-linux-gnu --host=x86_64-linux-gnu --target=x86_64-linux-gnu]
  ignore line: [Thread model: posix]
  ignore line: [gcc version 9.4.0 (Ubuntu 9.4.0-1ubuntu1~20.04.1) ]
  ignore line: [COMPILER_PATH=/usr/lib/gcc/x86_64-linux-gnu/9/:/usr/lib/gcc/x86_64-linux-gnu/9/:/usr/lib/gcc/x86_64-linux-gnu/:/usr/lib/gcc/x86_64-linux-gnu/9/:/usr/lib/gcc/x86_64-linux-gnu/]
  ignore line: [LIBRARY_PATH=/usr/lib/gcc/x86_64-linux-gnu/9/:/usr/lib/gcc/x86_64-linux-gnu/9/../../../x86_64-linux-gnu/:/usr/lib/gcc/x86_64-linux-gnu/9/../../../../lib/:/lib/x86_64-linux-gnu/:/lib/../lib/:/usr/lib/x86_64-linux-gnu/:/usr/lib/../lib/:/usr/lib/gcc/x86_64-linux-gnu/9/../../../:/lib/:/usr/lib/]
  ignore line: [COLLECT_GCC_OPTIONS='-v' '-rdynamic' '-o' 'cmTC_94d4a' '-shared-libgcc' '-mtune=generic' '-march=x86-64']
  link line: [ /usr/lib/gcc/x86_64-linux-gnu/9/collect2 -plugin /usr/lib/gcc/x86_64-linux-gnu/9/liblto_plugin.so -plugin-opt=/usr/lib/gcc/x86_64-linux-gnu/9/lto-wrapper -plugin-opt=-fresolution=/tmp/ccLAxGX4.res -plugin-opt=-pass-through=-lgcc_s -plugin-opt=-pass-through=-lgcc -plugin-opt=-pass-through=-lc -plugin-opt=-pass-through=-lgcc_s -plugin-opt=-pass-through=-lgcc --build-id --eh-frame-hdr -m elf_x86_64 --hash-style=gnu --as-needed -export-dynamic -dynamic-linker /lib64/ld-linux-x86-64.so.2 -pie -z now -z relro -o cmTC_94d4a /usr/lib/gcc/x86_64-linux-gnu/9/../../../x86_64-linux-gnu/Scrt1.o /usr/lib/gcc/x86_64-linux-gnu/9/../../../x86_64-linux-gnu/crti.o /usr/lib/gcc/x86_64-linux-gnu/9/crtbeginS.o -L/usr/lib/gcc/x86_64-linux-gnu/9 -L/usr/lib/gcc/x86_64-linux-gnu/9/../../../x86_64-linux-gnu -L/usr/lib/gcc/x86_64-linux-gnu/9/../../../../lib -L/lib/x86_64-linux-gnu -L/lib/../lib -L/usr/lib/x86_64-linux-gnu -L/usr/lib/../lib -L/usr/lib/gcc/x86_64-linux-gnu/9/../../.. CMakeFiles/cmTC_94d4a.dir/CMakeCXXCompilerABI.cpp.o -lstdc++ -lm -lgcc_s -lgcc -lc -lgcc_s -lgcc /usr/lib/gcc/x86_64-linux-gnu/9/crtendS.o /usr/lib/gcc/x86_64-linux-gnu/9/../../../x86_64-linux-gnu/crtn.o]
    arg [/usr/lib/gcc/x86_64-linux-gnu/9/collect2] ==> ignore
    arg [-plugin] ==> ignore
    arg [/usr/lib/gcc/x86_64-linux-gnu/9/liblto_plugin.so] ==> ignore
    arg [-plugin-opt=/usr/lib/gcc/x86_64-linux-gnu/9/lto-wrapper] ==> ignore
    arg [-plugin-opt=-fresolution=/tmp/ccLAxGX4.res] ==> ignore
    arg [-plugin-opt=-pass-through=-lgcc_s] ==> ignore
    arg [-plugin-opt=-pass-through=-lgcc] ==> ignore
    arg [-plugin-opt=-pass-through=-lc] ==> ignore
    arg [-plugin-opt=-pass-through=-lgcc_s] ==> ignore
    arg [-plugin-opt=-pass-through=-lgcc] ==> ignore
    arg [--build-id] ==> ignore
    arg [--eh-frame-hdr] ==> ignore
    arg [-m] ==> ignore
    arg [elf_x86_64] ==> ignore
    arg [--hash-style=gnu] ==> ignore
    arg [--as-needed] ==> ignore
    arg [-export-dynamic] ==> ignore
    arg [-dynamic-linker] ==> ignore
    arg [/lib64/ld-linux-x86-64.so.2] ==> ignore
    arg [-pie] ==> ignore
    arg [-znow] ==> ignore
    arg [-zrelro] ==> ignore
    arg [-o] ==> ignore
    arg [cmTC_94d4a] ==> ignore
    arg [/usr/lib/gcc/x86_64-linux-gnu/9/../../../x86_64-linux-gnu/Scrt1.o] ==> obj [/usr/lib/gcc/x86_64-linux-gnu/9/../../../x86_64-linux-gnu/Scrt1.o]
    arg [/usr/lib/gcc/x86_64-linux-gnu/9/../../../x86_64-linux-gnu/crti.o] ==> obj [/usr/lib/gcc/x86_64-linux-gnu/9/../../../x86_64-linux-gnu/crti.o]
    arg [/usr/lib/gcc/x86_64-linux-gnu/9/crtbeginS.o] ==> obj [/usr/lib/gcc/x86_64-linux-gnu/9/crtbeginS.o]
    arg [-L/usr/lib/gcc/x86_64-linux-gnu/9] ==> dir [/usr/lib/gcc/x86_64-linux-gnu/9]
    arg [-L/usr/lib/gcc/x86_64-linux-gnu/9/../../../x86_64-linux-gnu] ==> dir [/usr/lib/gcc/x86_64-linux-gnu/9/../../../x86_64-linux-gnu]
    arg [-L/usr/lib/gcc/x86_64-linux-gnu/9/../../../../lib] ==> dir [/usr/lib/gcc/x86_64-linux-gnu/9/../../../../lib]
    arg [-L/lib/x86_64-linux-gnu] ==> dir [/lib/x86_64-linux-gnu]
    arg [-L/lib/../lib] ==> dir [/lib/../lib]
    arg [-L/usr/lib/x86_64-linux-gnu] ==> dir [/usr/lib/x86_64-linux-gnu]
    arg [-L/usr/lib/../lib] ==> dir [/usr/lib/../lib]
    arg [-L/usr/lib/gcc/x86_64-linux-gnu/9/../../..] ==> dir [/usr/lib/gcc/x86_64-linux-gnu/9/../../..]
    arg [CMakeFiles/cmTC_94d4a.dir/CMakeCXXCompilerABI.cpp.o] ==> ignore
    arg [-lstdc++] ==> lib [stdc++]
    arg [-lm] ==> lib [m]
    arg [-lgcc_s] ==> lib [gcc_s]
    arg [-lgcc] ==> lib [gcc]
    arg [-lc] ==> lib [c]
    arg [-lgcc_s] ==> lib [gcc_s]
    arg [-lgcc] ==> lib [gcc]
    arg [/usr/lib/gcc/x86_64-linux-gnu/9/crtendS.o] ==> obj [/usr/lib/gcc/x86_64-linux-gnu/9/crtendS.o]
    arg [/usr/lib/gcc/x86_64-linux-gnu/9/../../../x86_64-linux-gnu/crtn.o] ==> obj [/usr/lib/gcc/x86_64-linux-gnu/9/../../../x86_64-linux-gnu/crtn.o]
  collapse obj [/usr/lib/gcc/x86_64-linux-gnu/9/../../../x86_64-linux-gnu/Scrt1.o] ==> [/usr/lib/x86_64-linux-gnu/Scrt1.o]
  collapse obj [/usr/lib/gcc/x86_64-linux-gnu/9/../../../x86_64-linux-gnu/crti.o] ==> [/usr/lib/x86_64-linux-gnu/crti.o]
  collapse obj [/usr/lib/gcc/x86_64-linux-gnu/9/../../../x86_64-linux-gnu/crtn.o] ==> [/usr/lib/x86_64-linux-gnu/crtn.o]
  collapse library dir [/usr/lib/gcc/x86_64-linux-gnu/9] ==> [/usr/lib/gcc/x86_64-linux-gnu/9]
  collapse library dir [/usr/lib/gcc/x86_64-linux-gnu/9/../../../x86_64-linux-gnu] ==> [/usr/lib/x86_64-linux-gnu]
  collapse library dir [/usr/lib/gcc/x86_64-linux-gnu/9/../../../../lib] ==> [/usr/lib]
  collapse library dir [/lib/x86_64-linux-gnu] ==> [/lib/x86_64-linux-gnu]
  collapse library dir [/lib/../lib] ==> [/lib]
  collapse library dir [/usr/lib/x86_64-linux-gnu] ==> [/usr/lib/x86_64-linux-gnu]
  collapse library dir [/usr/lib/../lib] ==> [/usr/lib]
  collapse library dir [/usr/lib/gcc/x86_64-linux-gnu/9/../../..] ==> [/usr/lib]
  implicit libs: [stdc++;m;gcc_s;gcc;c;gcc_s;gcc]
  implicit objs: [/usr/lib/x86_64-linux-gnu/Scrt1.o;/usr/lib/x86_64-linux-gnu/crti.o;/usr/lib/gcc/x86_64-linux-gnu/9/crtbeginS.o;/usr/lib/gcc/x86_64-linux-gnu/9/crtendS.o;/usr/lib/x86_64-linux-gnu/crtn.o]
  implicit dirs: [/usr/lib/gcc/x86_64-linux-gnu/9;/usr/lib/x86_64-linux-gnu;/usr/lib;/lib/x86_64-linux-gnu;/lib]
  implicit fwks: []


Performing C++ SOURCE FILE Test standard_math_library_linked_to_automatically succeeded with the following output:
Change Dir: /home/thomas/Colmap_OpenMVS/build/eigen_build/CMakeFiles/CMakeScratch/TryCompile-7ENxdR

Run Build Command(s):/usr/bin/make -f Makefile cmTC_86b77/fast && /usr/bin/make  -f CMakeFiles/cmTC_86b77.dir/build.make CMakeFiles/cmTC_86b77.dir/build
make[1]: Entering directory '/home/thomas/Colmap_OpenMVS/build/eigen_build/CMakeFiles/CMakeScratch/TryCompile-7ENxdR'
Building CXX object CMakeFiles/cmTC_86b77.dir/src.cxx.o
/usr/bin/c++ -Dstandard_math_library_linked_to_automatically   -o CMakeFiles/cmTC_86b77.dir/src.cxx.o -c /home/thomas/Colmap_OpenMVS/build/eigen_build/CMakeFiles/CMakeScratch/TryCompile-7ENxdR/src.cxx
Linking CXX executable cmTC_86b77
/usr/bin/cmake -E cmake_link_script CMakeFiles/cmTC_86b77.dir/link.txt --verbose=1
/usr/bin/c++ -rdynamic CMakeFiles/cmTC_86b77.dir/src.cxx.o -o cmTC_86b77 
make[1]: Leaving directory '/home/thomas/Colmap_OpenMVS/build/eigen_build/CMakeFiles/CMakeScratch/TryCompile-7ENxdR'


Source file was:
#include<cmath>
int main() { std::sin(0.0); std::log(0.0f); }

Performing C++ SOURCE FILE Test COMPILER_SUPPORT_WERROR succeeded with the following output:
Change Dir: /home/thomas/Colmap_OpenMVS/build/eigen_build/CMakeFiles/CMakeScratch/TryCompile-aeshnR

Run Build Command(s):/usr/bin/make -f Makefile cmTC_70fcd/fast && /usr/bin/make  -f CMakeFiles/cmTC_70fcd.dir/build.make CMakeFiles/cmTC_70fcd.dir/build
make[1]: Entering directory '/home/thomas/Colmap_OpenMVS/build/eigen_build/CMakeFiles/CMakeScratch/TryCompile-aeshnR'
Building CXX object CMakeFiles/cmTC_70fcd.dir/src.cxx.o
/usr/bin/c++ -DCOMPILER_SUPPORT_WERROR  -Werror -o CMakeFiles/cmTC_70fcd.dir/src.cxx.o -c /home/thomas/Colmap_OpenMVS/build/eigen_build/CMakeFiles/CMakeScratch/TryCompile-aeshnR/src.cxx
Linking CXX executable cmTC_70fcd
/usr/bin/cmake -E cmake_link_script CMakeFiles/cmTC_70fcd.dir/link.txt --verbose=1
/usr/bin/c++ -rdynamic CMakeFiles/cmTC_70fcd.dir/src.cxx.o -o cmTC_70fcd 
make[1]: Leaving directory '/home/thomas/Colmap_OpenMVS/build/eigen_build/CMakeFiles/CMakeScratch/TryCompile-aeshnR'


Source file was:
int main() { return 0; }

Performing C++ SOURCE FILE Test COMPILER_SUPPORT_pedantic succeeded with the following output:
Change Dir: /home/thomas/Colmap_OpenMVS/build/eigen_build/CMakeFiles/CMakeScratch/TryCompile-HIqERN

Run Build Command(s):/usr/bin/make -f Makefile cmTC_7fac5/fast && /usr/bin/make  -f CMakeFiles/cmTC_7fac5.dir/build.make CMakeFiles/cmTC_7fac5.dir/build
make[1]: Entering directory '/home/thomas/Colmap_OpenMVS/build/eigen_build/CMakeFiles/CMakeScratch/TryCompile-HIqERN'
Building CXX object CMakeFiles/cmTC_7fac5.dir/src.cxx.o
/usr/bin/c++ -DCOMPILER_SUPPORT_pedantic  -Werror   -pedantic -o CMakeFiles/cmTC_7fac5.dir/src.cxx.o -c /home/thomas/Colmap_OpenMVS/build/eigen_build/CMakeFiles/CMakeScratch/TryCompile-HIqERN/src.cxx
Linking CXX executable cmTC_7fac5
/usr/bin/cmake -E cmake_link_script CMakeFiles/cmTC_7fac5.dir/link.txt --verbose=1
/usr/bin/c++  -Werror -rdynamic CMakeFiles/cmTC_7fac5.dir/src.cxx.o -o cmTC_7fac5 
make[1]: Leaving directory '/home/thomas/Colmap_OpenMVS/build/eigen_build/CMakeFiles/CMakeScratch/TryCompile-HIqERN'


Source file was:
int main() { return 0; }

Performing C++ SOURCE FILE Test COMPILER_SUPPORT_Wall succeeded with the following output:
Change Dir: /home/thomas/Colmap_OpenMVS/build/eigen_build/CMakeFiles/CMakeScratch/TryCompile-jxwM5P

Run Build Command(s):/usr/bin/make -f Makefile cmTC_76143/fast && /usr/bin/make  -f CMakeFiles/cmTC_76143.dir/build.make CMakeFiles/cmTC_76143.dir/build
make[1]: Entering directory '/home/thomas/Colmap_OpenMVS/build/eigen_build/CMakeFiles/CMakeScratch/TryCompile-jxwM5P'
Building CXX object CMakeFiles/cmTC_76143.dir/src.cxx.o
/usr/bin/c++ -DCOMPILER_SUPPORT_Wall  -pedantic -Werror   -Wall -o CMakeFiles/cmTC_76143.dir/src.cxx.o -c /home/thomas/Colmap_OpenMVS/build/eigen_build/CMakeFiles/CMakeScratch/TryCompile-jxwM5P/src.cxx
Linking CXX executable cmTC_76143
/usr/bin/cmake -E cmake_link_script CMakeFiles/cmTC_76143.dir/link.txt --verbose=1
/usr/bin/c++  -pedantic -Werror -rdynamic CMakeFiles/cmTC_76143.dir/src.cxx.o -o cmTC_76143 
make[1]: Leaving directory '/home/thomas/Colmap_OpenMVS/build/eigen_build/CMakeFiles/CMakeScratch/TryCompile-jxwM5P'


Source file was:
int main() { return 0; }

Performing C++ SOURCE FILE Test COMPILER_SUPPORT_Wextra succeeded with the following output:
Change Dir: /home/thomas/Colmap_OpenMVS/build/eigen_build/CMakeFiles/CMakeScratch/TryCompile-mgurkQ

Run Build Command(s):/usr/bin/make -f Makefile cmTC_d8b96/fast && /usr/bin/make  -f CMakeFiles/cmTC_d8b96.dir/build.make CMakeFiles/cmTC_d8b96.dir/build
make[1]: Entering directory '/home/thomas/Colmap_OpenMVS/build/eigen_build/CMakeFiles/CMakeScratch/TryCompile-mgurkQ'
Building CXX object CMakeFiles/cmTC_d8b96.dir/src.cxx.o
/usr/bin/c++ -DCOMPILER_SUPPORT_Wextra  -pedantic -Wall -Werror   -Wextra -o CMakeFiles/cmTC_d8b96.dir/src.cxx.o -c /home/thomas/Colmap_OpenMVS/build/eigen_build/CMakeFiles/CMakeScratch/TryCompile-mgurkQ/src.cxx
Linking CXX executable cmTC_d8b96
/usr/bin/cmake -E cmake_link_script CMakeFiles/cmTC_d8b96.dir/link.txt --verbose=1
/usr/bin/c++  -pedantic -Wall -Werror -rdynamic CMakeFiles/cmTC_d8b96.dir/src.cxx.o -o cmTC_d8b96 
make[1]: Leaving directory '/home/thomas/Colmap_OpenMVS/build/eigen_build/CMakeFiles/CMakeScratch/TryCompile-mgurkQ'


Source file was:
int main() { return 0; }

Performing C++ SOURCE FILE Test COMPILER_SUPPORT_Wundef succeeded with the following output:
Change Dir: /home/thomas/Colmap_OpenMVS/build/eigen_build/CMakeFiles/CMakeScratch/TryCompile-5iKVyN

Run Build Command(s):/usr/bin/make -f Makefile cmTC_52c8b/fast && /usr/bin/make  -f CMakeFiles/cmTC_52c8b.dir/build.make CMakeFiles/cmTC_52c8b.dir/build
make[1]: Entering directory '/home/thomas/Colmap_OpenMVS/build/eigen_build/CMakeFiles/CMakeScratch/TryCompile-5iKVyN'
Building CXX object CMakeFiles/cmTC_52c8b.dir/src.cxx.o
/usr/bin/c++ -DCOMPILER_SUPPORT_Wundef  -pedantic -Wall -Wextra -Werror   -Wundef -o CMakeFiles/cmTC_52c8b.dir/src.cxx.o -c /home/thomas/Colmap_OpenMVS/build/eigen_build/CMakeFiles/CMakeScratch/TryCompile-5iKVyN/src.cxx
Linking CXX executable cmTC_52c8b
/usr/bin/cmake -E cmake_link_script CMakeFiles/cmTC_52c8b.dir/link.txt --verbose=1
/usr/bin/c++  -pedantic -Wall -Wextra -Werror -rdynamic CMakeFiles/cmTC_52c8b.dir/src.cxx.o -o cmTC_52c8b 
make[1]: Leaving directory '/home/thomas/Colmap_OpenMVS/build/eigen_build/CMakeFiles/CMakeScratch/TryCompile-5iKVyN'


Source file was:
int main() { return 0; }

Performing C++ SOURCE FILE Test COMPILER_SUPPORT_Wcastalign succeeded with the following output:
Change Dir: /home/thomas/Colmap_OpenMVS/build/eigen_build/CMakeFiles/CMakeScratch/TryCompile-q56StO

Run Build Command(s):/usr/bin/make -f Makefile cmTC_63a45/fast && /usr/bin/make  -f CMakeFiles/cmTC_63a45.dir/build.make CMakeFiles/cmTC_63a45.dir/build
make[1]: Entering directory '/home/thomas/Colmap_OpenMVS/build/eigen_build/CMakeFiles/CMakeScratch/TryCompile-q56StO'
Building CXX object CMakeFiles/cmTC_63a45.dir/src.cxx.o
/usr/bin/c++ -DCOMPILER_SUPPORT_Wcastalign  -pedantic -Wall -Wextra -Wundef -Werror   -Wcast-align -o CMakeFiles/cmTC_63a45.dir/src.cxx.o -c /home/thomas/Colmap_OpenMVS/build/eigen_build/CMakeFiles/CMakeScratch/TryCompile-q56StO/src.cxx
Linking CXX executable cmTC_63a45
/usr/bin/cmake -E cmake_link_script CMakeFiles/cmTC_63a45.dir/link.txt --verbose=1
/usr/bin/c++  -pedantic -Wall -Wextra -Wundef -Werror -rdynamic CMakeFiles/cmTC_63a45.dir/src.cxx.o -o cmTC_63a45 
make[1]: Leaving directory '/home/thomas/Colmap_OpenMVS/build/eigen_build/CMakeFiles/CMakeScratch/TryCompile-q56StO'


Source file was:
int main() { return 0; }

Performing C++ SOURCE FILE Test COMPILER_SUPPORT_Wcharsubscripts succeeded with the following output:
Change Dir: /home/thomas/Colmap_OpenMVS/build/eigen_build/CMakeFiles/CMakeScratch/TryCompile-Dv9nNP

Run Build Command(s):/usr/bin/make -f Makefile cmTC_7a96d/fast && /usr/bin/make  -f CMakeFiles/cmTC_7a96d.dir/build.make CMakeFiles/cmTC_7a96d.dir/build
make[1]: Entering directory '/home/thomas/Colmap_OpenMVS/build/eigen_build/CMakeFiles/CMakeScratch/TryCompile-Dv9nNP'
Building CXX object CMakeFiles/cmTC_7a96d.dir/src.cxx.o
/usr/bin/c++ -DCOMPILER_SUPPORT_Wcharsubscripts  -pedantic -Wall -Wextra -Wundef -Wcast-align -Werror   -Wchar-subscripts -o CMakeFiles/cmTC_7a96d.dir/src.cxx.o -c /home/thomas/Colmap_OpenMVS/build/eigen_build/CMakeFiles/CMakeScratch/TryCompile-Dv9nNP/src.cxx
Linking CXX executable cmTC_7a96d
/usr/bin/cmake -E cmake_link_script CMakeFiles/cmTC_7a96d.dir/link.txt --verbose=1
/usr/bin/c++  -pedantic -Wall -Wextra -Wundef -Wcast-align -Werror -rdynamic CMakeFiles/cmTC_7a96d.dir/src.cxx.o -o cmTC_7a96d 
make[1]: Leaving directory '/home/thomas/Colmap_OpenMVS/build/eigen_build/CMakeFiles/CMakeScratch/TryCompile-Dv9nNP'


Source file was:
int main() { return 0; }

Performing C++ SOURCE FILE Test COMPILER_SUPPORT_Wnonvirtualdtor succeeded with the following output:
Change Dir: /home/thomas/Colmap_OpenMVS/build/eigen_build/CMakeFiles/CMakeScratch/TryCompile-xOleUQ

Run Build Command(s):/usr/bin/make -f Makefile cmTC_330c7/fast && /usr/bin/make  -f CMakeFiles/cmTC_330c7.dir/build.make CMakeFiles/cmTC_330c7.dir/build
make[1]: Entering directory '/home/thomas/Colmap_OpenMVS/build/eigen_build/CMakeFiles/CMakeScratch/TryCompile-xOleUQ'
Building CXX object CMakeFiles/cmTC_330c7.dir/src.cxx.o
/usr/bin/c++ -DCOMPILER_SUPPORT_Wnonvirtualdtor  -pedantic -Wall -Wextra -Wundef -Wcast-align -Wchar-subscripts -Werror   -Wnon-virtual-dtor -o CMakeFiles/cmTC_330c7.dir/src.cxx.o -c /home/thomas/Colmap_OpenMVS/build/eigen_build/CMakeFiles/CMakeScratch/TryCompile-xOleUQ/src.cxx
Linking CXX executable cmTC_330c7
/usr/bin/cmake -E cmake_link_script CMakeFiles/cmTC_330c7.dir/link.txt --verbose=1
/usr/bin/c++  -pedantic -Wall -Wextra -Wundef -Wcast-align -Wchar-subscripts -Werror -rdynamic CMakeFiles/cmTC_330c7.dir/src.cxx.o -o cmTC_330c7 
make[1]: Leaving directory '/home/thomas/Colmap_OpenMVS/build/eigen_build/CMakeFiles/CMakeScratch/TryCompile-xOleUQ'


Source file was:
int main() { return 0; }

Performing C++ SOURCE FILE Test COMPILER_SUPPORT_Wunusedlocaltypedefs succeeded with the following output:
Change Dir: /home/thomas/Colmap_OpenMVS/build/eigen_build/CMakeFiles/CMakeScratch/TryCompile-5z8PJR

Run Build Command(s):/usr/bin/make -f Makefile cmTC_f3c80/fast && /usr/bin/make  -f CMakeFiles/cmTC_f3c80.dir/build.make CMakeFiles/cmTC_f3c80.dir/build
make[1]: Entering directory '/home/thomas/Colmap_OpenMVS/build/eigen_build/CMakeFiles/CMakeScratch/TryCompile-5z8PJR'
Building CXX object CMakeFiles/cmTC_f3c80.dir/src.cxx.o
/usr/bin/c++ -DCOMPILER_SUPPORT_Wunusedlocaltypedefs  -pedantic -Wall -Wextra -Wundef -Wcast-align -Wchar-subscripts -Wnon-virtual-dtor -Werror   -Wunused-local-typedefs -o CMakeFiles/cmTC_f3c80.dir/src.cxx.o -c /home/thomas/Colmap_OpenMVS/build/eigen_build/CMakeFiles/CMakeScratch/TryCompile-5z8PJR/src.cxx
Linking CXX executable cmTC_f3c80
/usr/bin/cmake -E cmake_link_script CMakeFiles/cmTC_f3c80.dir/link.txt --verbose=1
/usr/bin/c++  -pedantic -Wall -Wextra -Wundef -Wcast-align -Wchar-subscripts -Wnon-virtual-dtor -Werror -rdynamic CMakeFiles/cmTC_f3c80.dir/src.cxx.o -o cmTC_f3c80 
make[1]: Leaving directory '/home/thomas/Colmap_OpenMVS/build/eigen_build/CMakeFiles/CMakeScratch/TryCompile-5z8PJR'


Source file was:
int main() { return 0; }

Performing C++ SOURCE FILE Test COMPILER_SUPPORT_Wpointerarith succeeded with the following output:
Change Dir: /home/thomas/Colmap_OpenMVS/build/eigen_build/CMakeFiles/CMakeScratch/TryCompile-4gUP3P

Run Build Command(s):/usr/bin/make -f Makefile cmTC_15811/fast && /usr/bin/make  -f CMakeFiles/cmTC_15811.dir/build.make CMakeFiles/cmTC_15811.dir/build
make[1]: Entering directory '/home/thomas/Colmap_OpenMVS/build/eigen_build/CMakeFiles/CMakeScratch/TryCompile-4gUP3P'
Building CXX object CMakeFiles/cmTC_15811.dir/src.cxx.o
/usr/bin/c++ -DCOMPILER_SUPPORT_Wpointerarith  -pedantic -Wall -Wextra -Wundef -Wcast-align -Wchar-subscripts -Wnon-virtual-dtor -Wunused-local-typedefs -Werror   -Wpointer-arith -o CMakeFiles/cmTC_15811.dir/src.cxx.o -c /home/thomas/Colmap_OpenMVS/build/eigen_build/CMakeFiles/CMakeScratch/TryCompile-4gUP3P/src.cxx
Linking CXX executable cmTC_15811
/usr/bin/cmake -E cmake_link_script CMakeFiles/cmTC_15811.dir/link.txt --verbose=1
/usr/bin/c++  -pedantic -Wall -Wextra -Wundef -Wcast-align -Wchar-subscripts -Wnon-virtual-dtor -Wunused-local-typedefs -Werror -rdynamic CMakeFiles/cmTC_15811.dir/src.cxx.o -o cmTC_15811 
make[1]: Leaving directory '/home/thomas/Colmap_OpenMVS/build/eigen_build/CMakeFiles/CMakeScratch/TryCompile-4gUP3P'


Source file was:
int main() { return 0; }

Performing C++ SOURCE FILE Test COMPILER_SUPPORT_Wwritestrings succeeded with the following output:
Change Dir: /home/thomas/Colmap_OpenMVS/build/eigen_build/CMakeFiles/CMakeScratch/TryCompile-oOBNoO

Run Build Command(s):/usr/bin/make -f Makefile cmTC_8a98b/fast && /usr/bin/make  -f CMakeFiles/cmTC_8a98b.dir/build.make CMakeFiles/cmTC_8a98b.dir/build
make[1]: Entering directory '/home/thomas/Colmap_OpenMVS/build/eigen_build/CMakeFiles/CMakeScratch/TryCompile-oOBNoO'
Building CXX object CMakeFiles/cmTC_8a98b.dir/src.cxx.o
/usr/bin/c++ -DCOMPILER_SUPPORT_Wwritestrings  -pedantic -Wall -Wextra -Wundef -Wcast-align -Wchar-subscripts -Wnon-virtual-dtor -Wunused-local-typedefs -Wpointer-arith -Werror   -Wwrite-strings -o CMakeFiles/cmTC_8a98b.dir/src.cxx.o -c /home/thomas/Colmap_OpenMVS/build/eigen_build/CMakeFiles/CMakeScratch/TryCompile-oOBNoO/src.cxx
Linking CXX executable cmTC_8a98b
/usr/bin/cmake -E cmake_link_script CMakeFiles/cmTC_8a98b.dir/link.txt --verbose=1
/usr/bin/c++  -pedantic -Wall -Wextra -Wundef -Wcast-align -Wchar-subscripts -Wnon-virtual-dtor -Wunused-local-typedefs -Wpointer-arith -Werror -rdynamic CMakeFiles/cmTC_8a98b.dir/src.cxx.o -o cmTC_8a98b 
make[1]: Leaving directory '/home/thomas/Colmap_OpenMVS/build/eigen_build/CMakeFiles/CMakeScratch/TryCompile-oOBNoO'


Source file was:
int main() { return 0; }

Performing C++ SOURCE FILE Test COMPILER_SUPPORT_Wformatsecurity succeeded with the following output:
Change Dir: /home/thomas/Colmap_OpenMVS/build/eigen_build/CMakeFiles/CMakeScratch/TryCompile-UJOkCP

Run Build Command(s):/usr/bin/make -f Makefile cmTC_c53f6/fast && /usr/bin/make  -f CMakeFiles/cmTC_c53f6.dir/build.make CMakeFiles/cmTC_c53f6.dir/build
make[1]: Entering directory '/home/thomas/Colmap_OpenMVS/build/eigen_build/CMakeFiles/CMakeScratch/TryCompile-UJOkCP'
Building CXX object CMakeFiles/cmTC_c53f6.dir/src.cxx.o
/usr/bin/c++ -DCOMPILER_SUPPORT_Wformatsecurity  -pedantic -Wall -Wextra -Wundef -Wcast-align -Wchar-subscripts -Wnon-virtual-dtor -Wunused-local-typedefs -Wpointer-arith -Wwrite-strings -Werror   -Wformat-security -o CMakeFiles/cmTC_c53f6.dir/src.cxx.o -c /home/thomas/Colmap_OpenMVS/build/eigen_build/CMakeFiles/CMakeScratch/TryCompile-UJOkCP/src.cxx
Linking CXX executable cmTC_c53f6
/usr/bin/cmake -E cmake_link_script CMakeFiles/cmTC_c53f6.dir/link.txt --verbose=1
/usr/bin/c++  -pedantic -Wall -Wextra -Wundef -Wcast-align -Wchar-subscripts -Wnon-virtual-dtor -Wunused-local-typedefs -Wpointer-arith -Wwrite-strings -Werror -rdynamic CMakeFiles/cmTC_c53f6.dir/src.cxx.o -o cmTC_c53f6 
make[1]: Leaving directory '/home/thomas/Colmap_OpenMVS/build/eigen_build/CMakeFiles/CMakeScratch/TryCompile-UJOkCP'


Source file was:
int main() { return 0; }

Performing C++ SOURCE FILE Test COMPILER_SUPPORT_Wlogicalop succeeded with the following output:
Change Dir: /home/thomas/Colmap_OpenMVS/build/eigen_build/CMakeFiles/CMakeScratch/TryCompile-myfh6Q

Run Build Command(s):/usr/bin/make -f Makefile cmTC_338bf/fast && /usr/bin/make  -f CMakeFiles/cmTC_338bf.dir/build.make CMakeFiles/cmTC_338bf.dir/build
make[1]: Entering directory '/home/thomas/Colmap_OpenMVS/build/eigen_build/CMakeFiles/CMakeScratch/TryCompile-myfh6Q'
Building CXX object CMakeFiles/cmTC_338bf.dir/src.cxx.o
/usr/bin/c++ -DCOMPILER_SUPPORT_Wlogicalop  -pedantic -Wall -Wextra -Wundef -Wcast-align -Wchar-subscripts -Wnon-virtual-dtor -Wunused-local-typedefs -Wpointer-arith -Wwrite-strings -Wformat-security -Werror   -Wlogical-op -o CMakeFiles/cmTC_338bf.dir/src.cxx.o -c /home/thomas/Colmap_OpenMVS/build/eigen_build/CMakeFiles/CMakeScratch/TryCompile-myfh6Q/src.cxx
Linking CXX executable cmTC_338bf
/usr/bin/cmake -E cmake_link_script CMakeFiles/cmTC_338bf.dir/link.txt --verbose=1
/usr/bin/c++  -pedantic -Wall -Wextra -Wundef -Wcast-align -Wchar-subscripts -Wnon-virtual-dtor -Wunused-local-typedefs -Wpointer-arith -Wwrite-strings -Wformat-security -Werror -rdynamic CMakeFiles/cmTC_338bf.dir/src.cxx.o -o cmTC_338bf 
make[1]: Leaving directory '/home/thomas/Colmap_OpenMVS/build/eigen_build/CMakeFiles/CMakeScratch/TryCompile-myfh6Q'


Source file was:
int main() { return 0; }

Performing C++ SOURCE FILE Test COMPILER_SUPPORT_Wdoublepromotion succeeded with the following output:
Change Dir: /home/thomas/Colmap_OpenMVS/build/eigen_build/CMakeFiles/CMakeScratch/TryCompile-U97RNO

Run Build Command(s):/usr/bin/make -f Makefile cmTC_ccb23/fast && /usr/bin/make  -f CMakeFiles/cmTC_ccb23.dir/build.make CMakeFiles/cmTC_ccb23.dir/build
make[1]: Entering directory '/home/thomas/Colmap_OpenMVS/build/eigen_build/CMakeFiles/CMakeScratch/TryCompile-U97RNO'
Building CXX object CMakeFiles/cmTC_ccb23.dir/src.cxx.o
/usr/bin/c++ -DCOMPILER_SUPPORT_Wdoublepromotion  -pedantic -Wall -Wextra -Wundef -Wcast-align -Wchar-subscripts -Wnon-virtual-dtor -Wunused-local-typedefs -Wpointer-arith -Wwrite-strings -Wformat-security -Wlogical-op -Werror   -Wdouble-promotion -o CMakeFiles/cmTC_ccb23.dir/src.cxx.o -c /home/thomas/Colmap_OpenMVS/build/eigen_build/CMakeFiles/CMakeScratch/TryCompile-U97RNO/src.cxx
Linking CXX executable cmTC_ccb23
/usr/bin/cmake -E cmake_link_script CMakeFiles/cmTC_ccb23.dir/link.txt --verbose=1
/usr/bin/c++  -pedantic -Wall -Wextra -Wundef -Wcast-align -Wchar-subscripts -Wnon-virtual-dtor -Wunused-local-typedefs -Wpointer-arith -Wwrite-strings -Wformat-security -Wlogical-op -Werror -rdynamic CMakeFiles/cmTC_ccb23.dir/src.cxx.o -o cmTC_ccb23 
make[1]: Leaving directory '/home/thomas/Colmap_OpenMVS/build/eigen_build/CMakeFiles/CMakeScratch/TryCompile-U97RNO'


Source file was:
int main() { return 0; }

Performing C++ SOURCE FILE Test COMPILER_SUPPORT_Wnopsabi succeeded with the following output:
Change Dir: /home/thomas/Colmap_OpenMVS/build/eigen_build/CMakeFiles/CMakeScratch/TryCompile-k83IyQ

Run Build Command(s):/usr/bin/make -f Makefile cmTC_4e17d/fast && /usr/bin/make  -f CMakeFiles/cmTC_4e17d.dir/build.make CMakeFiles/cmTC_4e17d.dir/build
make[1]: Entering directory '/home/thomas/Colmap_OpenMVS/build/eigen_build/CMakeFiles/CMakeScratch/TryCompile-k83IyQ'
Building CXX object CMakeFiles/cmTC_4e17d.dir/src.cxx.o
/usr/bin/c++ -DCOMPILER_SUPPORT_Wnopsabi  -pedantic -Wall -Wextra -Wundef -Wcast-align -Wchar-subscripts -Wnon-virtual-dtor -Wunused-local-typedefs -Wpointer-arith -Wwrite-strings -Wformat-security -Wlogical-op -Wdouble-promotion -Werror   -Wno-psabi -o CMakeFiles/cmTC_4e17d.dir/src.cxx.o -c /home/thomas/Colmap_OpenMVS/build/eigen_build/CMakeFiles/CMakeScratch/TryCompile-k83IyQ/src.cxx
Linking CXX executable cmTC_4e17d
/usr/bin/cmake -E cmake_link_script CMakeFiles/cmTC_4e17d.dir/link.txt --verbose=1
/usr/bin/c++  -pedantic -Wall -Wextra -Wundef -Wcast-align -Wchar-subscripts -Wnon-virtual-dtor -Wunused-local-typedefs -Wpointer-arith -Wwrite-strings -Wformat-security -Wlogical-op -Wdouble-promotion -Werror -rdynamic CMakeFiles/cmTC_4e17d.dir/src.cxx.o -o cmTC_4e17d 
make[1]: Leaving directory '/home/thomas/Colmap_OpenMVS/build/eigen_build/CMakeFiles/CMakeScratch/TryCompile-k83IyQ'


Source file was:
int main() { return 0; }

Performing C++ SOURCE FILE Test COMPILER_SUPPORT_Wnovariadicmacros succeeded with the following output:
Change Dir: /home/thomas/Colmap_OpenMVS/build/eigen_build/CMakeFiles/CMakeScratch/TryCompile-SM4tOQ

Run Build Command(s):/usr/bin/make -f Makefile cmTC_6b187/fast && /usr/bin/make  -f CMakeFiles/cmTC_6b187.dir/build.make CMakeFiles/cmTC_6b187.dir/build
make[1]: Entering directory '/home/thomas/Colmap_OpenMVS/build/eigen_build/CMakeFiles/CMakeScratch/TryCompile-SM4tOQ'
Building CXX object CMakeFiles/cmTC_6b187.dir/src.cxx.o
/usr/bin/c++ -DCOMPILER_SUPPORT_Wnovariadicmacros  -pedantic -Wall -Wextra -Wundef -Wcast-align -Wchar-subscripts -Wnon-virtual-dtor -Wunused-local-typedefs -Wpointer-arith -Wwrite-strings -Wformat-security -Wlogical-op -Wdouble-promotion -Wno-psabi -Werror   -Wno-variadic-macros -o CMakeFiles/cmTC_6b187.dir/src.cxx.o -c /home/thomas/Colmap_OpenMVS/build/eigen_build/CMakeFiles/CMakeScratch/TryCompile-SM4tOQ/src.cxx
Linking CXX executable cmTC_6b187
/usr/bin/cmake -E cmake_link_script CMakeFiles/cmTC_6b187.dir/link.txt --verbose=1
/usr/bin/c++  -pedantic -Wall -Wextra -Wundef -Wcast-align -Wchar-subscripts -Wnon-virtual-dtor -Wunused-local-typedefs -Wpointer-arith -Wwrite-strings -Wformat-security -Wlogical-op -Wdouble-promotion -Wno-psabi -Werror -rdynamic CMakeFiles/cmTC_6b187.dir/src.cxx.o -o cmTC_6b187 
make[1]: Leaving directory '/home/thomas/Colmap_OpenMVS/build/eigen_build/CMakeFiles/CMakeScratch/TryCompile-SM4tOQ'


Source file was:
int main() { return 0; }

Performing C++ SOURCE FILE Test COMPILER_SUPPORT_Wnolonglong succeeded with the following output:
Change Dir: /home/thomas/Colmap_OpenMVS/build/eigen_build/CMakeFiles/CMakeScratch/TryCompile-ZS9OrO

Run Build Command(s):/usr/bin/make -f Makefile cmTC_76364/fast && /usr/bin/make  -f CMakeFiles/cmTC_76364.dir/build.make CMakeFiles/cmTC_76364.dir/build
make[1]: Entering directory '/home/thomas/Colmap_OpenMVS/build/eigen_build/CMakeFiles/CMakeScratch/TryCompile-ZS9OrO'
Building CXX object CMakeFiles/cmTC_76364.dir/src.cxx.o
/usr/bin/c++ -DCOMPILER_SUPPORT_Wnolonglong  -pedantic -Wall -Wextra -Wundef -Wcast-align -Wchar-subscripts -Wnon-virtual-dtor -Wunused-local-typedefs -Wpointer-arith -Wwrite-strings -Wformat-security -Wlogical-op -Wdouble-promotion -Wno-psabi -Wno-variadic-macros -Werror   -Wno-long-long -o CMakeFiles/cmTC_76364.dir/src.cxx.o -c /home/thomas/Colmap_OpenMVS/build/eigen_build/CMakeFiles/CMakeScratch/TryCompile-ZS9OrO/src.cxx
Linking CXX executable cmTC_76364
/usr/bin/cmake -E cmake_link_script CMakeFiles/cmTC_76364.dir/link.txt --verbose=1
/usr/bin/c++  -pedantic -Wall -Wextra -Wundef -Wcast-align -Wchar-subscripts -Wnon-virtual-dtor -Wunused-local-typedefs -Wpointer-arith -Wwrite-strings -Wformat-security -Wlogical-op -Wdouble-promotion -Wno-psabi -Wno-variadic-macros -Werror -rdynamic CMakeFiles/cmTC_76364.dir/src.cxx.o -o cmTC_76364 
make[1]: Leaving directory '/home/thomas/Colmap_OpenMVS/build/eigen_build/CMakeFiles/CMakeScratch/TryCompile-ZS9OrO'


Source file was:
int main() { return 0; }

Performing C++ SOURCE FILE Test COMPILER_SUPPORT_fnochecknew succeeded with the following output:
Change Dir: /home/thomas/Colmap_OpenMVS/build/eigen_build/CMakeFiles/CMakeScratch/TryCompile-DPRPrQ

Run Build Command(s):/usr/bin/make -f Makefile cmTC_f5c40/fast && /usr/bin/make  -f CMakeFiles/cmTC_f5c40.dir/build.make CMakeFiles/cmTC_f5c40.dir/build
make[1]: Entering directory '/home/thomas/Colmap_OpenMVS/build/eigen_build/CMakeFiles/CMakeScratch/TryCompile-DPRPrQ'
Building CXX object CMakeFiles/cmTC_f5c40.dir/src.cxx.o
/usr/bin/c++ -DCOMPILER_SUPPORT_fnochecknew  -pedantic -Wall -Wextra -Wundef -Wcast-align -Wchar-subscripts -Wnon-virtual-dtor -Wunused-local-typedefs -Wpointer-arith -Wwrite-strings -Wformat-security -Wlogical-op -Wdouble-promotion -Wno-psabi -Wno-variadic-macros -Wno-long-long -Werror   -fno-check-new -o CMakeFiles/cmTC_f5c40.dir/src.cxx.o -c /home/thomas/Colmap_OpenMVS/build/eigen_build/CMakeFiles/CMakeScratch/TryCompile-DPRPrQ/src.cxx
Linking CXX executable cmTC_f5c40
/usr/bin/cmake -E cmake_link_script CMakeFiles/cmTC_f5c40.dir/link.txt --verbose=1
/usr/bin/c++  -pedantic -Wall -Wextra -Wundef -Wcast-align -Wchar-subscripts -Wnon-virtual-dtor -Wunused-local-typedefs -Wpointer-arith -Wwrite-strings -Wformat-security -Wlogical-op -Wdouble-promotion -Wno-psabi -Wno-variadic-macros -Wno-long-long -Werror -rdynamic CMakeFiles/cmTC_f5c40.dir/src.cxx.o -o cmTC_f5c40 
make[1]: Leaving directory '/home/thomas/Colmap_OpenMVS/build/eigen_build/CMakeFiles/CMakeScratch/TryCompile-DPRPrQ'


Source file was:
int main() { return 0; }

Performing C++ SOURCE FILE Test COMPILER_SUPPORT_fnocommon succeeded with the following output:
Change Dir: /home/thomas/Colmap_OpenMVS/build/eigen_build/CMakeFiles/CMakeScratch/TryCompile-h9JqtO

Run Build Command(s):/usr/bin/make -f Makefile cmTC_bda41/fast && /usr/bin/make  -f CMakeFiles/cmTC_bda41.dir/build.make CMakeFiles/cmTC_bda41.dir/build
make[1]: Entering directory '/home/thomas/Colmap_OpenMVS/build/eigen_build/CMakeFiles/CMakeScratch/TryCompile-h9JqtO'
Building CXX object CMakeFiles/cmTC_bda41.dir/src.cxx.o
/usr/bin/c++ -DCOMPILER_SUPPORT_fnocommon  -pedantic -Wall -Wextra -Wundef -Wcast-align -Wchar-subscripts -Wnon-virtual-dtor -Wunused-local-typedefs -Wpointer-arith -Wwrite-strings -Wformat-security -Wlogical-op -Wdouble-promotion -Wno-psabi -Wno-variadic-macros -Wno-long-long -fno-check-new -Werror   -fno-common -o CMakeFiles/cmTC_bda41.dir/src.cxx.o -c /home/thomas/Colmap_OpenMVS/build/eigen_build/CMakeFiles/CMakeScratch/TryCompile-h9JqtO/src.cxx
Linking CXX executable cmTC_bda41
/usr/bin/cmake -E cmake_link_script CMakeFiles/cmTC_bda41.dir/link.txt --verbose=1
/usr/bin/c++  -pedantic -Wall -Wextra -Wundef -Wcast-align -Wchar-subscripts -Wnon-virtual-dtor -Wunused-local-typedefs -Wpointer-arith -Wwrite-strings -Wformat-security -Wlogical-op -Wdouble-promotion -Wno-psabi -Wno-variadic-macros -Wno-long-long -fno-check-new -Werror -rdynamic CMakeFiles/cmTC_bda41.dir/src.cxx.o -o cmTC_bda41 
make[1]: Leaving directory '/home/thomas/Colmap_OpenMVS/build/eigen_build/CMakeFiles/CMakeScratch/TryCompile-h9JqtO'


Source file was:
int main() { return 0; }

Performing C++ SOURCE FILE Test COMPILER_SUPPORT_fstrictaliasing succeeded with the following output:
Change Dir: /home/thomas/Colmap_OpenMVS/build/eigen_build/CMakeFiles/CMakeScratch/TryCompile-ccJc6Q

Run Build Command(s):/usr/bin/make -f Makefile cmTC_cbd33/fast && /usr/bin/make  -f CMakeFiles/cmTC_cbd33.dir/build.make CMakeFiles/cmTC_cbd33.dir/build
make[1]: Entering directory '/home/thomas/Colmap_OpenMVS/build/eigen_build/CMakeFiles/CMakeScratch/TryCompile-ccJc6Q'
Building CXX object CMakeFiles/cmTC_cbd33.dir/src.cxx.o
/usr/bin/c++ -DCOMPILER_SUPPORT_fstrictaliasing  -pedantic -Wall -Wextra -Wundef -Wcast-align -Wchar-subscripts -Wnon-virtual-dtor -Wunused-local-typedefs -Wpointer-arith -Wwrite-strings -Wformat-security -Wlogical-op -Wdouble-promotion -Wno-psabi -Wno-variadic-macros -Wno-long-long -fno-check-new -fno-common -Werror   -fstrict-aliasing -o CMakeFiles/cmTC_cbd33.dir/src.cxx.o -c /home/thomas/Colmap_OpenMVS/build/eigen_build/CMakeFiles/CMakeScratch/TryCompile-ccJc6Q/src.cxx
Linking CXX executable cmTC_cbd33
/usr/bin/cmake -E cmake_link_script CMakeFiles/cmTC_cbd33.dir/link.txt --verbose=1
/usr/bin/c++  -pedantic -Wall -Wextra -Wundef -Wcast-align -Wchar-subscripts -Wnon-virtual-dtor -Wunused-local-typedefs -Wpointer-arith -Wwrite-strings -Wformat-security -Wlogical-op -Wdouble-promotion -Wno-psabi -Wno-variadic-macros -Wno-long-long -fno-check-new -fno-common -Werror -rdynamic CMakeFiles/cmTC_cbd33.dir/src.cxx.o -o cmTC_cbd33 
make[1]: Leaving directory '/home/thomas/Colmap_OpenMVS/build/eigen_build/CMakeFiles/CMakeScratch/TryCompile-ccJc6Q'


Source file was:
int main() { return 0; }

Performing C++ SOURCE FILE Test COMPILER_SUPPORT_ansi succeeded with the following output:
Change Dir: /home/thomas/Colmap_OpenMVS/build/eigen_build/CMakeFiles/CMakeScratch/TryCompile-3yTnWP

Run Build Command(s):/usr/bin/make -f Makefile cmTC_a7366/fast && /usr/bin/make  -f CMakeFiles/cmTC_a7366.dir/build.make CMakeFiles/cmTC_a7366.dir/build
make[1]: Entering directory '/home/thomas/Colmap_OpenMVS/build/eigen_build/CMakeFiles/CMakeScratch/TryCompile-3yTnWP'
Building CXX object CMakeFiles/cmTC_a7366.dir/src.cxx.o
/usr/bin/c++ -DCOMPILER_SUPPORT_ansi  -pedantic -Wall -Wextra -Wundef -Wcast-align -Wchar-subscripts -Wnon-virtual-dtor -Wunused-local-typedefs -Wpointer-arith -Wwrite-strings -Wformat-security -Wlogical-op -Wdouble-promotion -Wno-psabi -Wno-variadic-macros -Wno-long-long -fno-check-new -fno-common -fstrict-aliasing -Werror   -ansi -o CMakeFiles/cmTC_a7366.dir/src.cxx.o -c /home/thomas/Colmap_OpenMVS/build/eigen_build/CMakeFiles/CMakeScratch/TryCompile-3yTnWP/src.cxx
Linking CXX executable cmTC_a7366
/usr/bin/cmake -E cmake_link_script CMakeFiles/cmTC_a7366.dir/link.txt --verbose=1
/usr/bin/c++  -pedantic -Wall -Wextra -Wundef -Wcast-align -Wchar-subscripts -Wnon-virtual-dtor -Wunused-local-typedefs -Wpointer-arith -Wwrite-strings -Wformat-security -Wlogical-op -Wdouble-promotion -Wno-psabi -Wno-variadic-macros -Wno-long-long -fno-check-new -fno-common -fstrict-aliasing -Werror -rdynamic CMakeFiles/cmTC_a7366.dir/src.cxx.o -o cmTC_a7366 
make[1]: Leaving directory '/home/thomas/Colmap_OpenMVS/build/eigen_build/CMakeFiles/CMakeScratch/TryCompile-3yTnWP'


Source file was:
int main() { return 0; }

Performing C++ SOURCE FILE Test COMPILER_SUPPORT_OPENMP succeeded with the following output:
Change Dir: /home/thomas/Colmap_OpenMVS/build/eigen_build/CMakeFiles/CMakeScratch/TryCompile-m4JsiP

Run Build Command(s):/usr/bin/make -f Makefile cmTC_403d4/fast && /usr/bin/make  -f CMakeFiles/cmTC_403d4.dir/build.make CMakeFiles/cmTC_403d4.dir/build
make[1]: Entering directory '/home/thomas/Colmap_OpenMVS/build/eigen_build/CMakeFiles/CMakeScratch/TryCompile-m4JsiP'
Building CXX object CMakeFiles/cmTC_403d4.dir/src.cxx.o
/usr/bin/c++ -DCOMPILER_SUPPORT_OPENMP  -pedantic -Wall -Wextra -Wundef -Wcast-align -Wchar-subscripts -Wnon-virtual-dtor -Wunused-local-typedefs -Wpointer-arith -Wwrite-strings -Wformat-security -Wlogical-op -Wdouble-promotion -Wno-psabi -Wno-variadic-macros -Wno-long-long -fno-check-new -fno-common -fstrict-aliasing -ansi    -fopenmp -o CMakeFiles/cmTC_403d4.dir/src.cxx.o -c /home/thomas/Colmap_OpenMVS/build/eigen_build/CMakeFiles/CMakeScratch/TryCompile-m4JsiP/src.cxx
Linking CXX executable cmTC_403d4
/usr/bin/cmake -E cmake_link_script CMakeFiles/cmTC_403d4.dir/link.txt --verbose=1
/usr/bin/c++  -pedantic -Wall -Wextra -Wundef -Wcast-align -Wchar-subscripts -Wnon-virtual-dtor -Wunused-local-typedefs -Wpointer-arith -Wwrite-strings -Wformat-security -Wlogical-op -Wdouble-promotion -Wno-psabi -Wno-variadic-macros -Wno-long-long -fno-check-new -fno-common -fstrict-aliasing -ansi  -rdynamic CMakeFiles/cmTC_403d4.dir/src.cxx.o -o cmTC_403d4 
make[1]: Leaving directory '/home/thomas/Colmap_OpenMVS/build/eigen_build/CMakeFiles/CMakeScratch/TryCompile-m4JsiP'


Source file was:
int main() { return 0; }

Performing C++ SOURCE FILE Test EIGEN_COMPILER_SUPPORT_CPP11 succeeded with the following output:
Change Dir: /home/thomas/Colmap_OpenMVS/build/eigen_build/CMakeFiles/CMakeScratch/TryCompile-cWtRUQ

Run Build Command(s):/usr/bin/make -f Makefile cmTC_19407/fast && /usr/bin/make  -f CMakeFiles/cmTC_19407.dir/build.make CMakeFiles/cmTC_19407.dir/build
make[1]: Entering directory '/home/thomas/Colmap_OpenMVS/build/eigen_build/CMakeFiles/CMakeScratch/TryCompile-cWtRUQ'
Building CXX object CMakeFiles/cmTC_19407.dir/src.cxx.o
/usr/bin/c++ -DEIGEN_COMPILER_SUPPORT_CPP11  -pedantic -Wall -Wextra -Wundef -Wcast-align -Wchar-subscripts -Wnon-virtual-dtor -Wunused-local-typedefs -Wpointer-arith -Wwrite-strings -Wformat-security -Wlogical-op -Wdouble-promotion -Wno-psabi -Wno-variadic-macros -Wno-long-long -fno-check-new -fno-common -fstrict-aliasing -ansi -O1 -g1    -std=c++11 -o CMakeFiles/cmTC_19407.dir/src.cxx.o -c /home/thomas/Colmap_OpenMVS/build/eigen_build/CMakeFiles/CMakeScratch/TryCompile-cWtRUQ/src.cxx
Linking CXX executable cmTC_19407
/usr/bin/cmake -E cmake_link_script CMakeFiles/cmTC_19407.dir/link.txt --verbose=1
/usr/bin/c++  -pedantic -Wall -Wextra -Wundef -Wcast-align -Wchar-subscripts -Wnon-virtual-dtor -Wunused-local-typedefs -Wpointer-arith -Wwrite-strings -Wformat-security -Wlogical-op -Wdouble-promotion -Wno-psabi -Wno-variadic-macros -Wno-long-long -fno-check-new -fno-common -fstrict-aliasing -ansi -O1 -g1  -rdynamic CMakeFiles/cmTC_19407.dir/src.cxx.o -o cmTC_19407 
make[1]: Leaving directory '/home/thomas/Colmap_OpenMVS/build/eigen_build/CMakeFiles/CMakeScratch/TryCompile-cWtRUQ'


Source file was:
int main() { return 0; }

Determining if the Q_WS_X11 exist passed with the following output:
Change Dir: /home/thomas/Colmap_OpenMVS/build/eigen_build/CMakeFiles/CMakeScratch/TryCompile-kgzrRP

Run Build Command(s):/usr/bin/make -f Makefile cmTC_c6e9c/fast && /usr/bin/make  -f CMakeFiles/cmTC_c6e9c.dir/build.make CMakeFiles/cmTC_c6e9c.dir/build
make[1]: Entering directory '/home/thomas/Colmap_OpenMVS/build/eigen_build/CMakeFiles/CMakeScratch/TryCompile-kgzrRP'
Building CXX object CMakeFiles/cmTC_c6e9c.dir/CheckSymbolExists.cxx.o
/usr/bin/c++  -I/usr/include/qt4 -pedantic -Wall -Wextra -Wundef -Wcast-align -Wchar-subscripts -Wnon-virtual-dtor -Wunused-local-typedefs -Wpointer-arith -Wwrite-strings -Wformat-security -Wlogical-op -Wdouble-promotion -Wno-psabi -Wno-variadic-macros -Wno-long-long -fno-check-new -fno-common -fstrict-aliasing -ansi -O1 -g1  -o CMakeFiles/cmTC_c6e9c.dir/CheckSymbolExists.cxx.o -c /home/thomas/Colmap_OpenMVS/build/eigen_build/CMakeFiles/CMakeScratch/TryCompile-kgzrRP/CheckSymbolExists.cxx
Linking CXX executable cmTC_c6e9c
/usr/bin/cmake -E cmake_link_script CMakeFiles/cmTC_c6e9c.dir/link.txt --verbose=1
/usr/bin/c++  -pedantic -Wall -Wextra -Wundef -Wcast-align -Wchar-subscripts -Wnon-virtual-dtor -Wunused-local-typedefs -Wpointer-arith -Wwrite-strings -Wformat-security -Wlogical-op -Wdouble-promotion -Wno-psabi -Wno-variadic-macros -Wno-long-long -fno-check-new -fno-common -fstrict-aliasing -ansi -O1 -g1  -rdynamic CMakeFiles/cmTC_c6e9c.dir/CheckSymbolExists.cxx.o -o cmTC_c6e9c 
make[1]: Leaving directory '/home/thomas/Colmap_OpenMVS/build/eigen_build/CMakeFiles/CMakeScratch/TryCompile-kgzrRP'


File CheckSymbolExists.cxx:
/* */
#include <QtCore/qglobal.h>

int main(int argc, char** argv)
{
  (void)argv;
#ifndef Q_WS_X11
  return ((int*)(&Q_WS_X11))[argc];
#else
  (void)argc;
  return 0;
#endif
}
Performing C++ SOURCE FILE Test EIGEN_COMPILER_SUPPORT_CXX11 succeeded with the following output:
Change Dir: /home/thomas/Colmap_OpenMVS/build/eigen_build/CMakeFiles/CMakeScratch/TryCompile-QSa9BP

Run Build Command(s):/usr/bin/make -f Makefile cmTC_b5d5f/fast && /usr/bin/make  -f CMakeFiles/cmTC_b5d5f.dir/build.make CMakeFiles/cmTC_b5d5f.dir/build
make[1]: Entering directory '/home/thomas/Colmap_OpenMVS/build/eigen_build/CMakeFiles/CMakeScratch/TryCompile-QSa9BP'
Building CXX object CMakeFiles/cmTC_b5d5f.dir/src.cxx.o
/usr/bin/c++ -DEIGEN_COMPILER_SUPPORT_CXX11  -pedantic -Wall -Wextra -Wundef -Wcast-align -Wchar-subscripts -Wnon-virtual-dtor -Wunused-local-typedefs -Wpointer-arith -Wwrite-strings -Wformat-security -Wlogical-op -Wdouble-promotion -Wno-psabi -Wno-variadic-macros -Wno-long-long -fno-check-new -fno-common -fstrict-aliasing -ansi    -std=c++11 -o CMakeFiles/cmTC_b5d5f.dir/src.cxx.o -c /home/thomas/Colmap_OpenMVS/build/eigen_build/CMakeFiles/CMakeScratch/TryCompile-QSa9BP/src.cxx
Linking CXX executable cmTC_b5d5f
/usr/bin/cmake -E cmake_link_script CMakeFiles/cmTC_b5d5f.dir/link.txt --verbose=1
/usr/bin/c++  -pedantic -Wall -Wextra -Wundef -Wcast-align -Wchar-subscripts -Wnon-virtual-dtor -Wunused-local-typedefs -Wpointer-arith -Wwrite-strings -Wformat-security -Wlogical-op -Wdouble-promotion -Wno-psabi -Wno-variadic-macros -Wno-long-long -fno-check-new -fno-common -fstrict-aliasing -ansi  -rdynamic CMakeFiles/cmTC_b5d5f.dir/src.cxx.o -o cmTC_b5d5f 
make[1]: Leaving directory '/home/thomas/Colmap_OpenMVS/build/eigen_build/CMakeFiles/CMakeScratch/TryCompile-QSa9BP'


Source file was:
int main() { return 0; }

Determining if the function pthread_create exists in the pthread passed with the following output:
Change Dir: /home/thomas/Colmap_OpenMVS/build/eigen_build/CMakeFiles/CMakeScratch/TryCompile-SCrvSN

Run Build Command(s):/usr/bin/make -f Makefile cmTC_538b4/fast && /usr/bin/make  -f CMakeFiles/cmTC_538b4.dir/build.make CMakeFiles/cmTC_538b4.dir/build
make[1]: Entering directory '/home/thomas/Colmap_OpenMVS/build/eigen_build/CMakeFiles/CMakeScratch/TryCompile-SCrvSN'
Building C object CMakeFiles/cmTC_538b4.dir/CheckFunctionExists.c.o
/usr/bin/cc   -DCHECK_FUNCTION_EXISTS=pthread_create -o CMakeFiles/cmTC_538b4.dir/CheckFunctionExists.c.o -c /home/thomas/Colmap_OpenMVS/build/eigen_build/CMakeFiles/CMakeScratch/TryCompile-SCrvSN/CheckFunctionExists.c
Linking C executable cmTC_538b4
/usr/bin/cmake -E cmake_link_script CMakeFiles/cmTC_538b4.dir/link.txt --verbose=1
/usr/bin/cc  -DCHECK_FUNCTION_EXISTS=pthread_create -rdynamic CMakeFiles/cmTC_538b4.dir/CheckFunctionExists.c.o -o cmTC_538b4  -lpthread 
make[1]: Leaving directory '/home/thomas/Colmap_OpenMVS/build/eigen_build/CMakeFiles/CMakeScratch/TryCompile-SCrvSN'



